1 1
2 1
3 4
4 3
5 2
6 2
7 3
8 14
9 1358
10 1
11 1
12 1
13 17
14 8
15 8
16 7
17 6
18 679
19 58
20 1
21 1
22 1
23 44
24 5
25 4
26 47
27 786
28 4
29 38
30 4
31 71
32 35
33 34
34 3
35 6
36 617
37 3
38 29
39 259
40 3
41 271
42 5
43 47
44 5
45 2716
46 22
47 26
48 25
49 229
50 2
51 2
52 231
53 4
54 393
55 2
56 2
57 193
58 19
59 19
60 2
61 2
62 181
63 194
64 33
65 34
66 17
67 3
68 15
69 29
70 3
71 31
72 1696
73 14
74 3
75 16
76 145
77 13
78 154
79 28
80 14
81 262
82 271
83 134
84 25
85 12
86 142
87 23
88 24
89 12598
90 1358
91 11
92 11
93 227
94 13
95 116
96 22
97 126
98 1144
99 11335578
100 1
101 1
102 1
103 107
104 203
105 2
106 2
107 103
108 1039
109 9268
110 1
111 1
112 1
113 177
114 193
115 88
116 95
117 1036
118 95
119 169
120 1
121 1
122 1
123 814
124 163
125 8
126 97
127 1663
128 79
129 869
130 17
131 162
132 16
133 167
134 15
135 1572
136 75
137 73
138 74
139 8
140 8
141 71
142 86
143 7
144 848
145 76
146 7
147 83
148 15
149 149
150 8
151 802
152 725
153 1374
154 13
155 142
156 77
157 6446
158 14
159 139
160 7
161 6902
162 131
163 124
164 683
165 68
166 67
167 6
168 125
169 119
170 6
171 1182
172 71
173 7
174 115
175 12
176 12
177 113
178 6299
179 118
180 679
181 62
182 11
183 547
184 55
185 6
186 592
187 6
188 65
189 5398
190 58
191 11
192 11
193 57
194 63
195 518
196 572
197 1026
198 5667789
199 5578
200 1
201 1
202 1
203 104
204 5
205 542
206 102
207 1073
208 539
209 58
210 1
211 1
212 1
213 47
214 473
215 94
216 982
217 466
218 4634
219 548
220 1
221 1
222 1
223 987
224 5
225 5432
226 447
227 93
228 965
229 49
230 44
231 52
232 91
233 434
234 518
235 52
236 467
237 473
238 429
239 4649
240 5
241 42
242 5
243 914
244 5
245 458
246 407
247 413
248 444
249 49
250 4
251 4471
252 481
253 4
254 4378
255 4
256 395
257 86
258 469
259 39
260 47
261 851
262 81
263 4267
264 8
265 8
266 797
267 4203
268 75
269 38
270 786
271 41
272 375
273 37
274 73
275 4
276 37
277 73
278 4
279 438
280 4
281 431
282 71
283 3534
284 43
285 386
286 7
287 3523
288 424
289 699
290 38
291 42
292 35
293 3454
294 415
295 38
296 75
297 3778526
298 339
299 3378
300 4
301 402
302 401
303 4
304 3625
305 4
306 687
307 3616
308 39
309 68
310 71
311 682
312 385
313 3547
314 3223
315 388
316 7
317 666
318 384
319 38
320 35
321 3181
322 3451
323 344
324 655
325 68
326 62
327 3123
328 3354
329 338
330 34
331 671
332 335
333 334
334 3
335 6
336 625
337 3
338 329
339 59
340 3
341 622
342 591
343 2977
344 323
345 58
346 35
347 2943
348 319
349 29
350 6
351 2912
352 6
353 34
354 565
355 62
356 3152
357 286
358 59
359 619
360 617
361 61
362 31
363 554
364 33
365 28
366 547
367 3
368 275
369 548
370 3
371 572
372 296
373 274
374 3
375 32
376 325
377 56
378 2699
379 528
380 29
381 5252
382 55
383 264
384 55
385 26
386 57
387 3106
388 315
389 309
390 259
391 31
392 286
393 54
394 513
395 56
396 5359147
397 2796
398 2789
399 25088
400 3
401 302
402 5
403 2534
404 3
405 524
406 52
407 3
408 25
409 269
410 271
411 292
412 51
413 247
414 2708
415 268
416 2457
417 53
418 29
419 48
420 5
421 4801
422 5
423 2414
424 5
425 24
426 47
427 26
428 2365
429 28
430 47
431 281
432 491
433 467
434 233
435 46
436 2317
437 46
438 274
439 2508
440 5
441 481
442 5
443 454
444 5
445 25196
446 2287
447 226
448 25
449 49
450 2716
451 222
452 2235
453 2234
454 443
455 22
456 4825
457 46
458 245
459 458
460 22
461 241
462 26
463 24
464 455
465 454
466 217
467 236
468 259
469 258
470 26
471 4251
472 2121
473 214
474 2323
475 232
476 2145
477 256
478 4649
479 209
480 25
481 21
482 21
483 2487
484 25
485 252
486 457
487 23
488 25
489 209
490 229
491 432
492 411
493 2254
494 2065
495 22671156
496 222
497 4266
498 245
499 22289
500 2
501 2
502 4006
503 4
504 2028
505 2
506 2
507 2016
508 2189
509 1969
510 2
511 2
512 1975
513 394
514 43
515 214
516 407
517 213
518 39
519 1948
520 231
521 1962
522 2146
523 1914
524 405
525 4
526 21297
527 23
528 4
529 38
530 4
531 2262
532 3985
533 394
534 2268
535 206
536 375
537 2276
538 19
539 39
540 393
541 222
542 41
543 407
544 1875
545 18536
546 22
547 183
548 219
549 2188
550 2
551 2
552 185
553 4
554 363
555 2
556 2
557 1993
558 219
559 358
560 2
561 2
562 2155
563 1794
564 355
565 354
566 1767
567 2136
568 215
569 2109
570 193
571 17531
572 21
573 37
574 1953
575 176
576 212
577 1943
578 3495
579 19
580 19
581 21
582 21
583 364
584 175
585 2072
586 1727
587 1876
588 2075
589 1698
590 19
591 342
592 186
593 1857
594 1889263
595 338
596 1695
597 1863
598 1689
599 1688
600 2
601 2
602 201
603 2007
604 2005
605 2
606 2
607 346
608 16464
609 3468
610 2
611 2
612 1801
613 18124
614 1808
615 1628
616 182
617 36
618 34
619 359
620 181
621 1791
622 341
623 1944
624 1638
625 16
626 3227
627 163
628 3204
629 159
630 194
631 162
632 16
633 17697
634 333
635 3326
636 192
637 33
638 19
639 1598
640 33
641 1732
642 3131
643 1714
644 3123
645 1738
646 172
647 15626
648 1869
649 188
650 34
651 1722
652 31
653 17
654 1563
655 324
656 1677
657 186
658 169
659 319
660 17
661 3041
662 1526
663 154
664 333
665 334
666 167
667 3
668 15
669 329
670 3
671 182
672 1521
673 3137
674 3
675 3144
676 1512
677 1656
678 149
679 18
680 15
681 31
682 311
683 164
684 1493
685 146
686 3092
687 306
688 1599
689 308
690 29
691 32
692 175
693 1763654
694 2898
695 16
696 1595
697 14363
698 145
699 289
700 3
701 301
702 1456
703 1437
704 3
705 142
706 17
707 3
708 1414
709 158
710 31
711 311
712 1576
713 17
714 143
715 14
716 295
717 15636
718 2939
719 1558
720 1696
721 1401
722 291
723 14
724 155
725 152
726 277
727 13893
728 29
729 1538
730 14
731 152
732 1641
733 164
734 3
735 166
736 1375
737 3
738 274
739 149
740 3
741 2861
742 286
743 284
744 148
745 298
746 137
747 296
748 15
749 1498
750 16
751 1361
752 1625
753 2817
754 28
755 1604
756 1352
757 16
758 264
759 29
760 145
761 292
762 2626
763 1324
764 275
765 2748
766 132
767 133
768 159
769 1329
770 13
771 131
772 285
773 2744
774 1553
775 284
776 1562
777 13
778 1545
779 1438
780 154
781 141
782 155
783 1534
784 143
785 12892
786 27
787 1553
788 1424
789 14198
790 28
791 1531
792 2805836
793 14
794 1398
795 278
796 1397
797 266
798 12544
799 278
800 14
801 1401
802 151
803 137
804 25
805 13804
806 1267
807 2616
808 15
809 13858
810 262
811 1492
812 26
813 1366694
814 15
815 248
816 125
817 136
818 1345
819 148
820 271
821 2681
822 146
823 27
824 255
825 136
826 1212
827 25393
828 1354
829 1449
830 134
831 242
832 2416
833 1334
834 253
835 12
836 145
837 146
838 24
839 25149
840 25
841 132
842 11891
843 12114
844 25
845 238
846 1207
847 13
848 25
849 1178
850 12
851 12
852 235
853 2604
854 13
855 2364
856 1402
857 1286
858 14
859 119
860 142
861 1302
862 1405
863 128854
864 1183
865 14
866 1282
867 233
868 1165
869 129
870 23
871 231
872 1171
873 14
874 23
875 24
876 137
877 12543
878 1254
879 2528
880 24
881 252
882 1261
883 1247
884 25
885 226
886 227
887 1353
888 25
889 125098
890 12598
891 1371742
892 11211
893 2354
894 113
895 236
896 125
897 1126
898 245
899 247188
900 1358
901 111
902 111
903 134
904 1228
905 124
906 1117
907 1116
908 2215
909 11135558
910 11
911 11
912 10976
913 1217
914 23
915 1094
916 1225
917 2313
918 229
919 13059
920 11
921 2291
922 241
923 10857
924 13
925 12
926 12
927 11026
928 1304
929 238
930 227
931 2171
932 1085
933 237
934 118
935 12
936 1092
937 21346
938 129
939 2259
940 13
941 10861
942 2136
943 1084
944 2248
945 10796
946 107
947 2113
948 2344
949 2329
950 116
951 222
952 2206
953 12804
954 128
955 22
956 11727
957 23
958 209
959 219
960 22
961 1051
962 21
963 1267
964 105
965 114
966 2082
967 10363
968 125
969 219
970 126
971 1031
972 1246
973 12437
974 115
975 1036
976 125
977 1126
978 1045
979 1228
980 1144
981 1041
982 216
983 2047
984 1118
985 2052
986 1127
987 223
988 2249
989 11336908
990 11335578
991 111
992 111
993 2127
994 2133
995 11156
996 222
997 20263
998 111444
999 111333555778
1000 1
1001 1
1002 1
1003 1007
1004 2003
1005 2
1006 2
1007 1003
1008 1014
1009 2081468
1010 1
1011 1
1012 1
1013 2094
1014 1008
1015 208
1016 10945
1017 2066
1018 1179
1019 2159
1020 1
1021 1
1022 1
1023 1087
1024 1963
1025 1084
1026 197
1027 9856
1028 215
1029 1069
1030 107
1031 971
1032 1066
1033 97
1034 118
1035 2146
1036 117
1037 976
1038 974
1039 108
1040 203
1041 981
1042 981
1043 9607
1044 1073
1045 116
1046 957
1047 2026
1048 1919
1049 10678
1050 2
1051 2
1052 10656
1053 2004
1054 115
1055 2
1056 2
1057 10616
1058 19
1059 19
1060 2
1061 2
1062 1131
1063 10367
1064 9408
1065 94
1066 197
1067 1033
1068 1134
1069 1029
1070 103
1071 1141
1072 196
1073 207
1074 1138
1075 188
1076 95
1077 9286
1078 104
1079 938
1080 1039
1081 1852
1082 111
1083 194
1084 205
1085 932
1086 1107
1087 1023
1088 2024
1089 1939598
1090 9268
1091 11
1092 11
1093 184
1094 183
1095 1096
1096 1022
1097 93
1098 1094
1099 19126588
1100 1
1101 1
1102 1
1103 1107
1104 925
1105 2
1106 2
1107 1086
1108 1815
1109 99369
1110 1
1111 1
1112 1
1113 9894
1114 1993
1115 1974
1116 907
1117 906
1118 179
1119 18858
1120 1
1121 1
1122 1
1123 187
1124 1888
1125 10864
1126 897
1127 986
1128 1775
1129 1869
1130 177
1131 1062
1132 8835
1133 1767
1134 1068
1135 186
1136 1067
1137 176
1138 1074
1139 17649
1140 193
1141 1071
1142 9641
1143 1847
1144 98
1145 98
1146 185
1147 96
1148 1744
1149 88
1150 88
1151 1061
1152 106
1153 8674
1154 9715
1155 104
1156 1827
1157 1046
1158 19
1159 19
1160 95
1161 1051
1162 105
1163 8694
1164 105
1165 868
1166 182
1167 103
1168 875
1169 19
1170 1036
1171 872
1172 1896
1173 8544
1174 938
1175 104
1176 8512
1177 86
1178 849
1179 18
1180 95
1181 84852
1182 171
1183 17
1184 93
1185 946
1186 8442
1187 9353
1188 1870549
1189 1699
1190 169
1191 932
1192 8475
1193 84
1194 9315
1195 9298
1196 8445
1197 9366
1198 844
1199 16689
1200 1
1201 1
1202 1
1203 8404
1204 1005
1205 84
1206 8302
1207 846
1208 1664
1209 17378
1210 1
1211 1
1212 1
1213 8254
1214 173
1215 1828
1216 8232
1217 83
1218 1734
1219 1658
1220 1
1221 1
1222 1
1223 1727
1224 8188
1225 916
1226 9062
1227 163
1228 904
1229 18
1230 814
1231 91
1232 91
1233 164
1234 18
1235 826
1236 17
1237 1633
1238 824
1239 808
1240 163
1241 171
1242 1691
1243 177
1244 1705
1245 98
1246 972
1247 883
1248 819
1249 8888
1250 8
1251 961
1252 16056
1253 8787
1254 815
1255 8942
1256 1602
1257 16
1258 159
1259 1668
1260 97
1261 882
1262 81
1263 7997
1264 8
1265 8
1266 78997
1267 806
1268 1665
1269 8038
1270 1663
1271 882
1272 96
1273 1737
1274 88
1275 8
1276 87
1277 78473
1278 799
1279 1728
1280 79
1281 1641
1282 866
1283 17234
1284 9518
1285 172
1286 857
1287 9333506
1288 8549
1289 8689
1290 869
1291 7832
1292 86
1293 9297
1294 7813
1295 78
1296 1622
1297 926
1298 94
1299 7699
1300 17
1301 1622
1302 861
1303 8604
1304 155
1305 1702
1306 17
1307 1616
1308 1614
1309 78
1310 162
1311 1602
1312 1526
1313 77
1314 93
1315 8534
1316 845
1317 836
1318 1595
1319 759
1320 16
1321 91
1322 15205
1323 1527
1324 763
1325 16
1326 77
1327 1523
1328 1665
1329 769
1330 167
1331 91
1332 91
1333 1667
1334 15
1335 8406
1336 75
1337 8303
1338 1645
1339 8298
1340 15
1341 1581
1342 91
1343 8207
1344 7448
1345 76
1346 7437
1347 7513
1348 15
1349 149
1350 1572
1351 7402
1352 756
1353 74
1354 828
1355 82
1356 745
1357 16286
1358 9
1359 1619
1360 75
1361 751
1362 155
1363 8967
1364 808
1365 74
1366 82
1367 733
1368 1609
1369 819
1370 73
1371 162
1372 1546
1373 874
1374 153
1375 8
1376 7995
1377 873
1378 154
1379 8718
1380 74
1381 7242
1382 16
1383 1447
1384 875
1385 146
1386 881827
1387 153
1388 1449
1389 8
1390 8
1391 8642
1392 7911
1393 797
1394 7333
1395 876
1396 725
1397 796
1398 794
1399 8579
1400 8
1401 721
1402 856
1403 1504
1404 728
1405 862
1406 7185
1407 86
1408 15
1409 7169
1410 71
1411 14891
1412 85
1413 1417
1414 15
1415 7068
1416 707
1417 1413
1418 79
1419 79
1420 86
1421 782
1422 851
1423 844
1424 788
1425 772
1426 85
1427 154956
1428 715
1429 7138
1430 7
1431 7142
1432 1475
1433 1467
1434 7818
1435 7046
1436 7117
1437 703
1438 779
1439 139
1440 848
1441 771
1442 1541
1443 7
1444 1455
1445 1398
1446 7
1447 83
1448 775
1449 829
1450 76
1451 8271
1452 1385
1453 8274
1454 14443
1455 84
1456 77
1457 68786
1458 769
1459 7678
1460 7
1461 692
1462 76
1463 767
1464 8205
1465 6908
1466 82
1467 833
1468 15
1469 7638
1470 83
1471 151
1472 1496
1473 144
1474 15
1475 76
1476 137
1477 143
1478 149
1479 1428
1480 15
1481 7441
1482 7571
1483 8234
1484 143
1485 7557052
1486 142
1487 68676
1488 74
1489 6798
1490 149
1491 1422
1492 685
1493 684
1494 148
1495 6756
1496 75
1497 8163
1498 749
1499 7479
1500 8
1501 8002
1502 6805
1503 74
1504 1403
1505 804
1506 6787
1507 73
1508 14
1509 1458
1510 802
1511 6691
1512 676
1513 6624
1514 8
1515 8
1516 132
1517 66
1518 139
1519 79
1520 725
1521 672
1522 146
1523 1314
1524 1313
1525 8
1526 662
1527 786
1528 1375
1529 138
1530 1374
1531 791
1532 66
1533 137
1534 665
1535 7232
1536 795
1537 73
1538 729
1539 7798
1540 13
1541 1442
1542 131
1543 6547
1544 1425
1545 136
1546 1372
1547 13
1548 7119
1549 14339
1550 142
1551 71
1552 781
1553 774
1554 13
1555 1364
1556 7725
1557 12846
1558 719
1559 129
1560 77
1561 141
1562 705
1563 654
1564 775
1565 7094
1566 767
1567 13466
1568 134
1569 638
1570 6446
1571 7072
1572 135
1573 7
1574 6488
1575 776
1576 712
1577 13456
1578 7099
1579 128
1580 14
1581 1341
1582 6966
1583 134
1584 1402918
1585 1332
1586 7
1587 13876
1588 699
1589 64199
1590 139
1591 132
1592 6985
1593 754
1594 133
1595 76
1596 6272
1597 126
1598 139
1599 688
1600 7
1601 7002
1602 756
1603 7
1604 755
1605 6362
1606 137
1607 63473
1608 125
1609 69
1610 6902
1611 1311
1612 6335
1613 124
1614 1308
1615 688
1616 75
1617 13
1618 6929
1619 748
1620 131
1621 691
1622 746
1623 74
1624 13
1625 136
1626 683347
1627 123
1628 75
1629 738
1630 124
1631 62
1632 625
1633 1237
1634 68
1635 6246
1636 6725
1637 746
1638 74
1639 739
1640 683
1641 61
1642 12181
1643 6154
1644 73
1645 676
1646 135
1647 6813
1648 619
1649 729
1650 68
1651 1212
1652 606
1653 6057
1654 12763
1655 1342
1656 677
1657 12746
1658 1219
1659 1278
1660 67
1661 6082
1662 121
1663 127
1664 1208
1665 668
1666 667
1667 6
1668 1259
1669 719
1670 6
1671 6051
1672 725
1673 7174
1674 73
1675 12
1676 12
1677 656
1678 125149
1679 6028
1680 125
1681 131
1682 66
1683 1255034
1684 11943
1685 6
1686 6057
1687 6
1688 125
1689 598
1690 119
1691 1242
1692 6035
1693 6557
1694 13
1695 118
1696 72
1697 66
1698 589
1699 1189
1700 6
1701 712
1702 6
1703 11804
1704 1175
1705 1244
1706 1302
1707 703
1708 65
1709 5969
1710 1182
1711 591
1712 701
1713 7017
1714 643
1715 5954
1716 7
1717 583
1718 595
1719 6469
1720 71
1721 5881
1722 651
1723 5927
1724 7025
1725 116
1726 64427
1727 586
1728 1279
1729 59
1730 7
1731 1271
1732 641
1733 6464
1734 1165
1735 5886
1736 5825
1737 646
1738 645
1739 639
1740 115
1741 64332
1742 581
1743 7
1744 1148
1745 58
1746 7
1747 126
1748 115
1749 629
1750 12
1751 12
1752 685
1753 6287
1754 11528
1755 5824
1756 627
1757 6386
1758 1264
1759 58
1760 12
1761 682
1762 126
1763 624
1764 5783
1765 68
1766 1247
1767 566
1768 125
1769 6909
1770 113
1771 5772
1772 1135
1773 114
1774 6765
1775 124
1776 62
1777 12443
1778 62549
1779 619
1780 6299
1781 1241
1782 685871
1783 617
1784 11268
1785 572
1786 1177
1787 6783
1788 565
1789 118
1790 118
1791 621
1792 625
1793 57
1794 563
1795 1238
1796 1225
1797 5566
1798 123594
1799 1179
1800 679
1801 612
1802 111
1803 56634
1804 555
1805 122
1806 67
1807 12186
1808 614
1809 669
1810 62
1811 111
1812 5585
1813 117
1814 558
1815 1108
1816 1157
1817 606
1818 5567779
1819 5558
1820 11
1821 6162
1822 55
1823 6644
1824 5488
1825 56
1826 5477
1827 1156
1828 115
1829 6069
1830 547
1831 662
1832 666
1833 5467
1834 5518
1835 6
1836 1145
1837 6
1838 12024
1839 11539
1840 55
1841 5981
1842 6081
1843 114
1844 1205
1845 1096
1846 54285
1847 1143
1848 65
1849 649
1850 6
1851 12
1852 6
1853 11387
1854 5513
1855 1144
1856 652
1857 593
1858 119
1859 119
1860 592
1861 5482
1862 5376
1863 597
1864 5425
1865 548
1866 1185
1867 6
1868 59
1869 648
1870 6
1871 541
1872 546
1873 5874
1874 10673
1875 64
1876 112
1877 113
1878 6449
1879 10709
1880 65
1881 5965562
1882 11271
1883 5417
1884 1068
1885 112
1886 542
1887 53
1888 1124
1889 53998
1890 5398
1891 11211
1892 111
1893 54
1894 10565
1895 1056
1896 1172
1897 533
1898 6439
1899 5899
1900 58
1901 111
1902 111
1903 637
1904 1103
1905 10504
1906 6402
1907 116
1908 64
1909 5768
1910 11
1911 11
1912 58635
1913 53377
1914 58
1915 528
1916 1045
1917 1106
1918 584
1919 579
1920 11
1921 52062
1922 1051
1923 62414
1924 63
1925 52
1926 5297
1927 10493
1928 525
1929 57549
1930 57
1931 1042
1932 1041
1933 10864
1934 10968
1935 6212
1936 625
1937 5173
1938 579
1939 11408
1940 63
1941 10881
1942 1031
1943 577
1944 623
1945 618
1946 51907
1947 113
1948 519
1949 1078
1950 518
1951 5751
1952 625
1953 574
1954 563
1955 62
1956 5225
1957 1023
1958 614
1959 6239
1960 572
1961 51
1962 521
1963 1024
1964 108
1965 108
1966 5647
1967 5603
1968 559
1969 509
1970 1026
1971 62
1972 1071
1973 107
1974 1115
1975 112
1976 5162
1977 6126
1978 5668454
1979 5609
1980 5667789
1981 10152
1982 111
1983 50934
1984 555
1985 5592
1986 5142
1987 6146
1988 10574
1989 5089
1990 5578
1991 111
1992 111
1993 557
1994 10633
1995 50176
1996 55722
1997 10626
1998 55666777889
1999 555778
2000 1
2001 1
2002 1
2003 1004
2004 5
2005 604
2006 1002
2007 603
2008 10015
2009 558
2010 1
2011 1
2012 1
2013 547
2014 5015
2015 5068
2016 507
2017 6
2018 1040734
2019 4958
2020 1
2021 1
2022 1
2023 1044
2024 5
2025 1048
2026 1047
2027 593
2028 504
2029 5038
2030 104
2031 552
2032 9941
2033 1034
2034 1033
2035 6
2036 4917
2037 6
2038 9819
2039 108
2040 5
2041 981
2042 5
2043 4954
2044 5
2045 538
2046 587
2047 596
2048 5919
2049 4939
2050 542
2051 5412
2052 985
2053 5417
2054 4928
2055 584
2056 1075
2057 4916
2058 1069
2059 10258
2060 102
2061 102
2062 971
2063 97
2064 533
2065 494
2066 485
2067 5806
2068 59
2069 58
2070 1073
2071 1072
2072 585
2073 1014
2074 488
2075 536
2076 487
2077 4873
2078 54
2079 10111218
2080 539
2081 1062
2082 966
2083 5387
2084 4905
2085 106
2086 5327
2087 106
2088 5274
2089 5798
2090 58
2091 57442
2092 4785
2093 4884
2094 1013
2095 96
2096 4772
2097 4826
2098 5339
2099 47699
2100 1
2101 1
2102 1
2103 5807
2104 5328
2105 9602
2106 1002
2107 5273
2108 575
2109 479
2110 1
2111 1
2112 1
2113 947
2114 5308
2115 4828
2116 95
2117 53
2118 95
2119 5758
2120 1
2121 1
2122 1
2123 57
2124 5655
2125 48
2126 9977
2127 993
2128 4704
2129 9869
2130 47
2131 5162
2132 516
2133 994
2134 568
2135 52
2136 567
2137 103
2138 1029
2139 46849
2140 473
2141 561
2142 986
2143 477
2144 98
2145 56
2146 522
2147 5226
2148 569
2149 5129
2150 94
2151 5212
2152 475
2153 9387
2154 4643
2155 562
2156 52
2157 9746
2158 469
2159 1019
2160 982
2161 51
2162 926
2163 467
2164 555
2165 934
2166 97
2167 563
2168 1025
2169 1019
2170 466
2171 562
2172 5535
2173 4607
2174 553
2175 92
2176 1012
2177 9243
2178 969799
2179 928
2180 4634
2181 4631
2182 55
2183 1017
2184 55
2185 92
2186 92
2187 1006
2188 549
2189 508
2190 548
2191 922
2192 511
2193 457
2194 465
2195 5016
2196 547
2197 5463
2198 9563294
2199 4598
2200 1
2201 1
2202 1
2203 9134
2204 5
2205 962
2206 952
2207 503
2208 4539
2209 45369
2210 1
2211 1
2212 1
2213 954
2214 543
2215 908
2216 9075
2217 45106
2218 49689
2219 9969
2220 1
2221 1
2222 1
2223 5444
2224 5
2225 50392
2226 4947
2227 5393
2228 4579
2229 9018
2230 987
2231 4581
2232 4535
2233 5464
2234 453
2235 452
2236 492
2237 903
2238 9429
2239 44708
2240 5
2241 942
2242 5
2243 54
2244 5
2245 98
2246 935
2247 543
2248 944
2249 49
2250 5432
2251 48961
2252 4485
2253 44834
2254 493
2255 444
2256 4477
2257 4923
2258 4969
2259 939
2260 447
2261 5361
2262 531
2263 54
2264 8883
2265 4468
2266 4467
2267 486203
2268 534
2269 4848
2270 93
2271 4941
2272 4846
2273 44
2274 88
2275 44
2276 537
2277 975943
2278 49259
2279 5319
2280 965
2281 531
2282 5355
2283 9287
2284 9243
2285 92
2286 4427
2287 53
2288 49
2289 9218
2290 49
2291 921
2292 925
2293 8727
2294 48
2295 916
2296 872
2297 963
2298 44
2299 479
2300 44
2301 522
2302 961
2303 5307
2304 53
2305 482
2306 4337
2307 443
2308 48189
2309 958
2310 52
2311 9611
2312 8651
2313 524
2314 523
2315 48
2316 95
2317 436
2318 95
2319 5179
2320 91
2321 91
2322 4746
2323 44
2324 525
2325 908
2326 4347
2327 86
2328 525
2329 438
2330 434
2331 52
2332 91
2333 4334
2334 515
2335 472
2336 4375
2337 8606
2338 95
2339 4708
2340 518
2341 522
2342 436
2343 47
2344 948
2345 516
2346 4272
2347 5113
2348 469
2349 4688
2350 52
2351 5151
2352 4256
2353 434
2354 43
2355 8502
2356 4245
2357 4286
2358 9
2359 429
2360 467
2361 5092
2362 42426
2363 94
2364 855
2365 428
2366 47
2367 4736
2368 465
2369 938
2370 473
2371 4682
2372 4221
2373 4644
2374 8888
2375 464
2376 5143612
2377 43
2378 8495
2379 4628
2380 429
2381 42
2382 466
2383 47
2384 8818
2385 512
2386 42
2387 8383
2388 4699
2389 4689
2390 4649
2391 921
2392 9286
2393 84
2394 4683
2395 418
2396 422
2397 426
2398 8799
2399 88
2400 5
2401 8422
2402 5
2403 467
2404 5
2405 42
2406 4202
2407 4246
2408 5025
2409 4658
2410 42
2411 8711
2412 4151
2413 4194
2414 423
2415 4974
2416 832
2417 8283
2418 8689
2419 869
2420 5
2421 872
2422 5
2423 4544
2424 5
2425 504
2426 4127
2427 4623
2428 865
2429 828
2430 914
2431 42
2432 4116
2433 864
2434 83
2435 46
2436 867
2437 46
2438 829
2439 8692998
2440 5
2441 40971
2442 5
2443 9014
2444 5
2445 418
2446 8222
2447 826
2448 4094
2449 49
2450 458
2451 41661
2452 4531
2453 457
2454 815
2455 864
2456 452
2457 416
2458 9
2459 4519
2460 407
2461 4551
2462 455
2463 4467
2464 455
2465 4508
2466 82
2467 4103
2468 9
2469 9
2470 413
2471 4051
2472 85
2473 4537
2474 8165
2475 45342312
2476 412
2477 4086
2478 404
2479 4038
2480 444
2481 41121
2482 411
2483 8547
2484 8455
2485 8532
2486 885
2487 483
2488 4824
2489 808
2490 49
2491 442
2492 486
2493 4497
2494 883
2495 44578
2496 4095
2497 4093
2498 4444
2499 489
2500 4
2501 80012
2502 4801
2503 4
2504 8028
2505 4
2506 8787
2507 886
2508 439
2509 4389
2510 4471
2511 8411
2512 801
2513 8047
2514 8
2515 8
2516 795
2517 8383
2518 834
2519 4058
2520 481
2521 881
2522 441
2523 44
2524 88
2525 4
2526 7962
2527 4393
2528 4
2529 4038
2530 4
2531 791
2532 83816
2533 794
2534 403
2535 4032
2536 8325
2537 473
2538 4019
2539 3939
2540 4378
2541 481
2542 441
2543 39407
2544 48
2545 3938
2546 872
2547 4013
2548 44
2549 7929
2550 4
2551 40071
2552 435
2553 4
2554 43078
2555 4
2556 3995
2557 3993
2558 864
2559 868
2560 395
2561 82
2562 8205
2563 867
2564 433
2565 788
2566 8617
2567 8263
2568 4759
2569 429
2570 86
2571 3972
2572 4285
2573 4707
2574 4666753
2575 428
2576 8587
2577 38813
2578 8154
2579 819
2580 469
2581 3921
2582 3916
2583 434
2584 43
2585 426
2586 39142
2587 39046
2588 3949
2589 43299
2590 39
2591 85342
2592 811
2593 857
2594 463
2595 3896
2596 47
2597 466
2598 7699
2599 389
2600 47
2601 812
2602 811
2603 4234
2604 853
2605 3924
2606 4302
2607 43
2608 464
2609 468
2610 851
2611 8082
2612 85
2613 77
2614 808
2615 3828
2616 807
2617 3906
2618 39
2619 459
2620 81
2621 382
2622 801
2623 427
2624 763
2625 8
2626 77
2627 423
2628 465
2629 4649
2630 4267
2631 4181
2632 4225
2633 42234
2634 418
2635 46
2636 7667
2637 3876
2638 3795
2639 8
2640 8
2641 38281
2642 455
2643 84
2644 45848
2645 76
2646 4237
2647 42396
2648 3815
2649 45678
2650 8
2651 461
2652 385
2653 8334
2654 4228
2655 4524
2656 8325
2657 46
2658 459
2659 8278
2660 797
2661 451
2662 455
2663 41724
2664 83
2665 788
2666 8335
2667 42003
2668 75
2669 42009
2670 4203
2671 8282
2672 375
2673 827614
2674 8273
2675 412
2676 3737
2677 826
2678 4149
2679 37738
2680 75
2681 821
2682 3811
2683 37347
2684 455
2685 4552
2686 38057
2687 7853
2688 3724
2689 4099
2690 38
2691 822
2692 37185
2693 37954
2694 7833
2695 78
2696 75
2697 82396
2698 745
2699 378
2700 786
2701 411
2702 3701
2703 37
2704 378
2705 444
2706 37
2707 36986
2708 414
2709 3769
2710 41
2711 782
2712 3725
2713 41324
2714 8143
2715 814
2716 45
2717 413
2718 4489
2719 36779
2720 375
2721 372
2722 3751
2723 4444
2724 775
2725 37072
2726 7777
2727 3748523
2728 404
2729 3738
2730 37
2731 81
2732 41
2733 37
2734 3665
2735 366
2736 8045
2737 406
2738 3729
2739 3659
2740 73
2741 81
2742 81
2743 77
2744 773
2745 4376
2746 437
2747 364766
2748 444
2749 43729
2750 4
2751 771
2752 39975
2753 4
2754 443
2755 4
2756 77
2757 4353
2758 4359
2759 439
2760 37
2761 761
2762 3621
2763 797
2764 8
2765 8
2766 4017
2767 763
2768 4375
2769 3619
2770 73
2771 441
2772 4337021
2773 44
2774 765
2775 4
2776 7245
2777 36443
2778 4
2779 3638
2780 4
2781 4031
2782 4321
2783 3594
2784 39555
2785 3986
2786 3985
2787 4023
2788 7174
2789 398
2790 438
2791 3942
2792 3586
2793 3584
2794 398
2795 716
2796 397
2797 433
2798 7549
2799 79
2800 4
2801 39311
2802 3605
2803 4
2804 428
2805 4
2806 752
2807 7916
2808 364
2809 7868
2810 431
2811 35582
2812 3951
2813 754
2814 43
2815 3588
2816 75
2817 753
2818 3939
2819 359
2820 71
2821 362
2822 35791
2823 4287
2824 425
2825 708
2826 712
2827 393
2828 75
2829 3959
2830 3534
2831 71
2832 3535
2833 7837
2834 7065
2835 4272
2836 395
2837 7833
2838 74
2839 708
2840 43
2841 35622
2842 391
2843 707
2844 4223
2845 4218
2846 422
2847 35483
2848 394
2849 39
2850 386
2851 35812
2852 425
2853 74
2854 77478
2855 35062
2856 3575
2857 388523
2858 3569
2859 4268
2860 7
2861 741
2862 3571
2863 35627
2864 7375
2865 74
2866 7335
2867 736
2868 3909
2869 419
2870 3523
2871 390882
2872 35171
2873 7
2874 738
2875 352
2876 3895
2877 73
2878 695
2879 4238
2880 424
2881 42
2882 771
2883 417
2884 3818
2885 3886
2886 7
2887 423
2888 7275
2889 4189
2890 699
2891 422
2892 35
2893 3457
2894 415
2895 38
2896 422
2897 41426
2898 694
2899 4178
2900 38
2901 7312
2902 7306
2903 4134
2904 3478
2905 42
2906 4137
2907 73
2908 34739
2909 3789
2910 42
2911 382
2912 351
2913 38147
2914 34393
2915 728
2916 3807
2917 3806
2918 3839
2919 34259
2920 35
2921 34581
2922 346
2923 414
2924 38
2925 4144
2926 3797
2927 3793
2928 7179
2929 69
2930 3454
2931 40942
2932 41
2933 6894
2934 3818
2935 3752
2936 75
2937 3473
2938 3819
2939 718
2940 415
2941 4081
2942 755
2943 347
2944 748
2945 3396
2946 72
2947 713
2948 75
2949 3429
2950 38
2951 712
2952 685
2953 34274
2954 413
2955 684
2956 677
2957 3416
2958 714
2959 68
2960 75
2961 6792
2962 4126
2963 4054
2964 4083
2965 3714
2966 4117
2967 4112606
2968 715
2969 3709
2970 3778526
2971 37062
2972 71
2973 37
2974 34338
2975 676
2976 37
2977 343
2978 3399
2979 709
2980 339
2981 41
2982 711
2983 7047
2984 3425
2985 3726
2986 342
2987 3683
2988 74
2989 4089
2990 3378
2991 70211
2992 375
2993 37127
2994 37148
2995 3376
2996 3745
2997 37444851926
2998 33389
2999 333778
3000 4
3001 4002
3002 4001
3003 4
3004 4028
3005 4
3006 37
3007 70173
3008 7015
3009 668
3010 402
3011 7011
3012 33935
3013 33854
3014 73
3015 4014
3016 7
3017 3653
3018 729
3019 3379
3020 401
3021 36482
3022 6691
3023 7314
3024 338
3025 4
3026 3312
3027 693823
3028 4
3029 3969
3030 4
3031 7262
3032 66
3033 37
3034 33
3035 692
3036 695
3037 33
3038 369
3039 698
3040 3625
3041 661
3042 336
3043 3977
3044 73
3045 6936
3046 657
3047 66
3048 6565
3049 3349
3050 4
3051 3612
3052 331
3053 4
3054 393
3055 4
3056 6875
3057 723
3058 69
3059 3629
3060 687
3061 6541
3062 3955
3063 3954
3064 33
3065 36248
3066 685
3067 33
3068 3325
3069 3656638
3070 3616
3071 72
3072 3321
3073 3974
3074 365
3075 3256
3076 3645
3077 3286
3078 3899
3079 3609
3080 39
3081 3642
3082 721
3083 364
3084 393
3085 72
3086 32735
3087 6806
3088 3274
3089 6799
3090 68
3091 3242
3092 686
3093 7184
3094 33
3095 718
3096 35595
3097 33
3098 64594
3099 678
3100 71
3101 3902
3102 355
3103 3874
3104 3905
3105 3582
3106 387
3107 32543
3108 39
3109 679
3110 682
3111 36002
3112 38625
3113 354
3114 6423
3115 3888
3116 3595
3117 36
3118 645
3119 648
3120 385
3121 35281
3122 641
3123 327
3124 388
3125 32
3126 327
3127 323
3128 704
3129 6459
3130 3547
3131 352
3132 3516
3133 6767
3134 6733
3135 326
3136 67
3137 673
3138 319
3139 6439
3140 3223
3141 7071
3142 3536
3143 7
3144 675
3145 318
3146 7
3147 3566
3148 3244
3149 639
3150 388
3151 702
3152 356
3153 387
3154 6728
3155 324
3156 3552
3157 3516
3158 64
3159 668
3160 7
3161 31702
3162 6705
3163 3197
3164 3483
3165 35394
3166 67
3167 6666
3168 701459
3169 3219
3170 666
3171 63141
3172 35
3173 7
3174 6938
3175 6652
3176 3495
3177 3526
3178 35309
3179 699
3180 384
3181 321
3182 66
3183 35187
3184 34925
3185 66
3186 377
3187 31723
3188 665
3189 31709
3190 38
3191 32
3192 3136
3193 627
3194 63
3195 3196
3196 695
3197 66
3198 344
3199 3789
3200 35
3201 3812
3202 3501
3203 63104
3204 378
3205 3464
3206 35
3207 343
3208 3775
3209 689
3210 3181
3211 692
3212 685
3213 34554
3214 31743
3215 3428
3216 625
3217 34853
3218 345
3219 69
3220 3451
3221 6272
3222 6555
3223 314
3224 31675
3225 3476
3226 62
3227 626
3228 654
3229 6228
3230 344
3231 3442
3232 341
3233 3434
3234 65
3235 31252
3236 34645
3237 346
3238 374
3239 649
3240 655
3241 6171
3242 3091
3243 6507
3244 373
3245 376
3246 37
3247 6166
3248 65
3249 6498
3250 68
3251 622
3252 341981
3253 6487
3254 615
3255 3444
3256 375
3257 6786
3258 369
3259 3719
3260 62
3261 341
3262 31
3263 6194
3264 3125
3265 34
3266 6185
3267 679866
3268 34
3269 309
3270 3123
3271 3672
3272 30596
3273 37
3274 373
3275 648
3276 37
3277 3726
3278 3054
3279 6438
3280 3354
3281 342
3282 61
3283 64
3284 30518
3285 372
3286 3077
3287 676
3288 365
3289 3108
3290 338
3291 31
3292 675
3293 33714
3294 6133
3295 638
3296 3095
3297 6678866
3298 3339
3299 3398
3300 34
3301 612
3302 606
3303 37
3304 303
3305 6082
3306 30285
3307 303
3308 33289
3309 369
3310 671
3311 6711
3312 3026
3313 30547
3314 6373
3315 308
3316 6032
3317 606
3318 639
3319 3348
3320 335
3321 362
3322 3041
3323 3344
3324 605
3325 668
3326 635
3327 33123
3328 604
3329 3338
3330 334
3331 6671
3332 3335
3333 3334
3334 3
3335 6
3336 6295
3337 3
3338 3329
3339 3298
3340 3
3341 3622
3342 3591
3343 33207
3344 3323
3345 658
3346 3587
3347 33496
3348 365
3349 3049
3350 6
3351 302
3352 6
3353 29887
3354 328
3355 364
3356 63177
3357 6286
3358 3014
3359 658
3360 625
3361 6582
3362 655
3363 333667
3364 33
3365 6274
3366 627517
3367 3
3368 59715
3369 29748
3370 3
3371 35631
3372 3621
3373 29944
3374 3
3375 6288
3376 362
3377 356
3378 299
3379 628
3380 329
3381 30231
3382 621
3383 65034
3384 5943
3385 3312
3386 5907
3387 623
3388 65
3389 5908
3390 59
3391 5931
3392 36
3393 354
3394 33
3395 36
3396 2945
3397 33
3398 3299
3399 589
3400 3
3401 621
3402 356
3403 6174
3404 3
3405 62
3406 5902
3407 3
3408 5875
3409 3289
3410 622
3411 6482
3412 651
3413 58954
3414 358
3415 328
3416 325
3417 5883
3418 29579
3419 6148
3420 591
3421 62
3422 351
3423 357
3424 3505
3425 292
3426 6162
3427 356
3428 2979
3429 2949
3430 2977
3431 3562
3432 35
3433 6467
3434 353
3435 612
3436 617
3437 6433
3438 5879
3439 349
3440 323
3441 32
3442 3231
3443 6454
3444 3223
3445 616
3446 29635
3447 3226
3448 6094
3449 29
3450 58
3451 322
3452 322135
3453 6117
3454 293
3455 64
3456 2952
3457 2893
3458 295
3459 6129
3460 35
3461 61
3462 6355
3463 324
3464 3205
3465 3527308
3466 3232
3467 606
3468 609
3469 58
3470 2943
3471 582
3472 6371
3473 2937
3474 323
3475 32
3476 2912
3477 31956
3478 2904
3479 32228
3480 319
3481 29021
3482 32166
3483 3164
3484 2905
3485 28726
3486 35
3487 6023
3488 574
3489 2898
3490 29
3491 31831
3492 35
3493 6327
3494 63
3495 578
3496 575
3497 3463
3498 3145
3499 289
3500 6
3501 3202
3502 6
3503 28867
3504 3425
3505 602
3506 31435
3507 2886
3508 5764
3509 3169
3510 2912
3511 601
3512 3135
3513 31347
3514 3193
3515 2874
3516 632
3517 6
3518 29
3519 2848
3520 6
3521 28691
3522 341
3523 287
3524 63
3525 284
3526 312
3527 63
3528 28379
3529 318
3530 34
3531 6262
3532 2891
3533 34
3534 283
3535 6
3536 625
3537 6
3538 31374
3539 33939
3540 565
3541 342
3542 2886
3543 28284
3544 5675
3545 316
3546 57
3547 313
3548 28219
3549 288
3550 62
3551 5661
3552 31
3553 3434
3554 28143
3555 622
3556 31277
3557 5623
3558 2814
3559 28129
3560 3152
3561 28082
3562 621
3563 567
3564 3429355
3565 34
3566 617
3567 34203
3568 5634
3569 2858
3570 286
3571 2862
3572 5885
3573 28044
3574 31338
3575 28
3576 2825
3577 6156
3578 59
3579 28
3580 59
3581 31
3582 3105
3583 279434
3584 2793
3585 31272
3586 285
3587 3123
3588 2815
3589 30708
3590 619
3591 3122
3592 6125
3593 5597
3594 2783
3595 3116
3596 61797
3597 5563
3598 5895
3599 5588
3600 617
3601 611
3602 306
3603 5607
3604 555
3605 2802
3606 28317
3607 2773
3608 2775
3609 3079
3610 61
3611 55691
3612 335
3613 3377
3614 6093
3615 28
3616 307
3617 553
3618 3345
3619 2769
3620 31
3621 282
3622 555
3623 5827
3624 27925
3625 304
3626 585
3627 5793
3628 279
3629 3059
3630 554
3631 6062
3632 5785
3633 308594
3634 303
3635 27786
3636 3058917
3637 33
3638 2779
3639 33559
3640 33
3641 61
3642 3081
3643 577
3644 275
3645 3076
3646 3322
3647 5813
3648 2744
3649 55139
3650 28
3651 3071
3652 5781
3653 334
3654 578
3655 304
3656 575
3657 6046
3658 27614
3659 58
3660 547
3661 54961
3662 331
3663 333394
3664 333
3665 328
3666 27335
3667 3
3668 2759
3669 27858
3670 3
3671 3051
3672 3271
3673 57174
3674 3
3675 332
3676 6012
3677 6043
3678 6009
3679 299
3680 275
3681 6031
3682 5761
3683 2987
3684 27443
3685 6
3686 57
3687 6
3688 5724
3689 3009
3690 548
3691 54511
3692 60136
3693 27084
3694 5715
3695 298
3696 325
3697 33
3698 3245
3699 598
3700 3
3701 2702
3702 6
3703 5404
3704 3
3705 5722
3706 29687
3707 3
3708 3239
3709 2969
3710 572
3711 59882
3712 326
3713 3017
3714 2965
3715 568
3716 595
3717 5413
3718 595
3719 3259
3720 296
3721 272
3722 2741
3723 57
3724 2688
3725 596
3726 2985
3727 593
3728 5904
3729 59
3730 274
3731 271
3732 3216
3733 26794
3734 3
3735 592
3736 295
3737 3
3738 324
3739 32659
3740 3
3741 32671
3742 2705
3743 54
3744 273
3745 2996
3746 2937
3747 5343
3748 29619
3749 2988
3750 32
3751 2722
3752 56
3753 2987
3754 565
3755 2722
3756 5352
3757 5353
3758 26669
3759 2929
3760 325
3761 5882
3762 2982781
3763 26894
3764 29283
3765 5634
3766 5367
3767 266
3768 534
3769 2709
3770 56
3771 5362
3772 271
3773 3207
3774 53
3775 3208
3776 562
3777 556
3778 26999
3779 27018
3780 2699
3781 53452
3782 26711
3783 294
3784 555
3785 32
3786 27
3787 26676
3788 29599
3789 2909
3790 528
3791 53311
3792 586
3793 2927
3794 533
3795 58
3796 26897
3797 266
3798 28989
3799 3188
3800 29
3801 321
3802 555
3803 292167
3804 555
3805 584
3806 2917
3807 2916
3808 5515
3809 5779
3810 5252
3811 2682
3812 3201
3813 294
3814 58
3815 2648
3816 32
3817 26513
3818 2884
3819 579
3820 55
3821 262
3822 55
3823 5287
3824 288238
3825 5496
3826 26712
3827 31623
3828 29
3829 549
3830 264
3831 261342
3832 5225
3833 2664
3834 553
3835 266
3836 292
3837 576
3838 524
3839 2608
3840 55
3841 5522
3842 26031
3843 547
3844 5255
3845 2658
3846 31207
3847 26
3848 315
3849 26298
3850 26
3851 522
3852 26485
3853 5217
3854 5478
3855 262
3856 2625
3857 2593
3858 52359
3859 5468
3860 57
3861 5444502
3862 521
3863 310927
3864 5205
3865 5488
3866 5432
3867 5203
3868 5484
3869 29
3870 3106
3871 31
3872 3125
3873 25874
3874 3103
3875 568
3876 2637
3877 28373
3878 5704
3879 3099
3880 315
3881 521
3882 30966
3883 2887
3884 5155
3885 26
3886 2885
3887 283
3888 2624
3889 25999
3890 309
3891 311
3892 30861
3893 54
3894 283
3895 2876
3896 2595
3897 5163
3898 539
3899 3078
3900 259
3901 5412
3902 3101
3903 5637
3904 3125
3905 282
3906 287
3907 2816
3908 2564
3909 2868
3910 31
3911 26111
3912 26125
3913 51424
3914 2558
3915 3068
3916 307
3917 2553
3918 25779
3919 258
3920 286
3921 2581
3922 51
3923 30844
3924 538
3925 25784
3926 512
3927 26
3928 54
3929 28
3930 54
3931 2852
3932 25941
3933 534
3934 5618
3935 3106
3936 2592
3937 3076
3938 2545
3939 259
3940 513
3941 28422
3942 31
3943 28154
3944 5355
3945 28396
3946 535
3947 253413
3948 5094
3949 2588
3950 56
3951 2812
3952 2581
3953 30357
3954 3063
3955 3062
3956 2834227
3957 253
3958 5614
3959 2829
3960 5359147
3961 51
3962 5076
3963 28267
3964 555
3965 28
3966 25467
3967 303
3968 2775
3969 509
3970 2796
3971 5062
3972 2571
3973 2774
3974 3073
3975 556
3976 5287
3977 556
3978 25445
3979 5328
3980 2789
3981 3042
3982 555
3983 2817
3984 555
3985 532
3986 557
3987 306
3988 53165
3989 2808
3990 25088
3991 2531
3992 27861
3993 554
3994 5313
3995 556
3996 30335891447
3997 50293
3998 277889
3999 2500878
4000 3
4001 3002
4002 5
4003 25034
4004 3
4005 2802
4006 502
4007 3
4008 25
4009 25468
4010 302
4011 5291
4012 501
4013 2547
4014 2793
4015 274
4016 5257
4017 2766
4018 279
4019 2538
4020 5
4021 30391
4022 5
4023 527
4024 5
4025 27608
4026 547
4027 2486
4028 3004
4029 4969
4030 2534
4031 2781
4032 2535
4033 250734
4034 3
4035 5232
4036 520367
4037 3
4038 2479
4039 25259
4040 3
4041 5222
4042 5
4043 4977
4044 5
4045 27716
4046 522
4047 247596
4048 25
4049 24698
4050 524
4051 2471
4052 5235
4053 2717
4054 2743
4055 2984
4056 252
4057 493
4058 2519
4059 2961868
4060 52
4061 2492
4062 276
4063 2954
4064 24658
4065 2733388
4066 517
4067 3
4068 2709
4069 51858
4070 3
4071 27072
4072 24585
4073 2507
4074 3
4075 496
4076 49095
4077 5156
4078 54
4079 5418
4080 25
4081 52
4082 4905
4083 2964
4084 25
4085 272
4086 2477
4087 54346
4088 25
4089 2989
4090 269
4091 27431
4092 2935
4093 54
4094 298
4095 296
4096 29595
4097 5126
4098 24695
4099 2689
4100 271
4101 5121
4102 2706
4103 2467
4104 4925
4105 5362
4106 24652
4107 273
4108 2464
4109 268
4110 292
4111 4892
4112 5375
4113 54
4114 2458
4115 54
4116 2432
4117 513
4118 5129
4119 2479
4120 51
4121 5101
4122 51
4123 26927
4124 4855
4125 272
4126 485
4127 2426
4128 2665
4129 51349
4130 247
4131 291
4132 2425
4133 24467
4134 2903
4135 50786
4136 295
4137 2906
4138 29
4139 5318
4140 2708
4141 242
4142 536
4143 2414
4144 2925
4145 2898
4146 507
4147 24143
4148 244
4149 2678
4150 268
4151 2412
4152 2435
4153 52974
4154 24078
4155 484
4156 27
4157 4816
4158 5055609
4159 529
4160 2457
4161 51
4162 531
4163 52897
4164 483
4165 2668
4166 26935
4167 533
4168 24525
4169 48
4170 53
4171 52772
4172 26635
4173 26844
4174 53
4175 24
4176 2637
4177 28973
4178 2899
4179 5028
4180 29
4181 531
4182 28721
4183 48317
4184 23925
4185 292
4186 2442
4187 26776
4188 5065
4189 2889
4190 48
4191 2911
4192 2386
4193 23897
4194 2413
4195 50298
4196 24097
4197 28833
4198 238495
4199 290598
4200 5
4201 4811
4202 5
4203 267
4204 5
4205 264
4206 23802
4207 49943
4208 2664
4209 52269
4210 4801
4211 4802
4212 501
4213 24
4214 23973
4215 24228
4216 2875
4217 23766
4218 2395
4219 24179
4220 5
4221 2372
4222 5
4223 287
4224 5
4225 476
4226 4735
4227 2626
4228 2654
4229 5018
4230 2414
4231 52
4232 475
4233 26464
4234 265
4235 26
4236 475
4237 2646
4238 2879
4239 498
4240 5
4241 25942
4242 5
4243 240684
4244 5
4245 2356
4246 285
4247 2826
4248 4944
4249 26129
4250 24
4251 471
4252 28481
4253 49617
4254 4965
4255 24
4256 2352
4257 522016
4258 5214
4259 23529
4260 47
4261 261
4262 2581
4263 2867
4264 258
4265 5208
4266 497
4267 263
4268 284
4269 23919
4270 26
4271 23882
4272 471
4273 28107
4274 515
4275 4728
4276 5145
4277 26
4278 26209
4279 2599
4280 2365
4281 51652
4282 2805
4283 234
4284 493
4285 2572
4286 2357
4287 2823
4288 49
4289 4689
4290 28
4291 23822
4292 261
4293 5127
4294 2613
4295 238
4296 2845
4297 233
4298 2839
4299 489
4300 47
4301 512
4302 2606
4303 4674
4304 2375
4305 2604
4306 46935
4307 2603
4308 4689
4309 279
4310 281
4311 492
4312 26
4313 25994
4314 4873
4315 257708
4316 2345
4317 23653
4318 5095
4319 4659
4320 491
4321 2782
4322 255
4323 257
4324 463
4325 28
4326 2335
4327 27756
4328 2775
4329 28
4330 467
4331 2771
4332 485
4333 4667
4334 2333
4335 466
4336 2542
4337 2306
4338 5074
4339 5098
4340 233
4341 461
4342 281
4343 484
4344 27675
4345 258
4346 4607
4347 2326
4348 2765
4349 25298
4350 46
4351 27812
4352 506
4353 2757
4354 4828
4355 462
4356 510152
4357 23
4358 464
4359 2758
4360 2317
4361 482
4362 23155
4363 2524
4364 275
4365 28
4366 2547
4367 5063
4368 234
4369 458
4370 46
4371 27731
4372 46
4373 4574
4374 503
4375 48
4376 2745
4377 27873
4378 254
4379 2309
4380 274
4381 231
4382 461
4383 4794
4384 2555
4385 25086
4386 2285
4387 2553
4388 2325
4389 2509
4390 2508
4391 25532
4392 2735
4393 2527
4394 27315
4395 5056
4396 4781647
4397 22766
4398 2299
4399 50489
4400 5
4401 23202
4402 5
4403 22737
4404 5
4405 504
4406 4567
4407 2546
4408 25
4409 4768
4410 481
4411 2292
4412 476
4413 2724
4414 2515
4415 2494
4416 22695
4417 45506
4418 27189
4419 48
4420 5
4421 4981
4422 5
4423 2487
4424 5
4425 452
4426 477
4427 2286
4428 479
4429 4518
4430 454
4431 22571
4432 4741
4433 24864
4434 22553
4435 2706
4436 47367
4437 476
4438 47569
4439 4508
4440 5
4441 2522
4442 5
4443 4754
4444 5
4445 250196
4446 2722
4447 24783
4448 25
4449 22929
4450 25196
4451 24761
4452 22956
4453 274
4454 26965
4455 2743484
4456 22895
4457 22486
4458 4509
4459 229
4460 2287
4461 22892
4462 4931
4463 2467
4464 2733
4465 4708
4466 2732
4467 2266
4468 2265
4469 448
4470 226
4471 251
4472 246
4473 474
4474 4473
4475 472
4476 47145
4477 273
4478 22354
4479 228
4480 25
4481 22341
4482 471
4483 4464
4484 25
4485 2252
4486 27
4487 446
4488 25
4489 2718
4490 49
4491 2721
4492 4675
4493 4897
4494 2715
4495 494376
4496 472
4497 2493
4498 245
4499 489
4500 2716
4501 2222
4502 244805
4503 22674
4504 22425
4505 222
4506 22417
4507 446
4508 2465
4509 468
4510 222
4511 24611
4512 22385
4513 47
4514 22158
4515 268
4516 24407
4517 2236
4518 2479
4519 2459
4520 2235
4521 2482
4522 26805
4523 27
4524 2655
4525 248
4526 27
4527 486
4528 22129
4529 26518
4530 2234
4531 2452
4532 22335
4533 44364
4534 443783
4535 2232
4536 267
4537 2473
4538 2424
4539 2208
4540 443
4541 4671
4542 22041
4543 247
4544 2423
4545 22271116
4546 22
4547 4843
4548 44
4549 44188
4550 22
4551 22
4552 2685
4553 4617
4554 2661643
4555 22
4556 48727
4557 246
4558 26595
4559 48478
4560 4825
4561 2241
4562 2655
4563 224
4564 21933
4565 2434
4566 21947
4567 263
4568 46215
4569 438
4570 46
4571 2431
4572 22135
4573 44
4574 223
4575 2188
4576 245
4577 243
4578 4609
4579 2228
4580 245
4581 262
4582 4411
4583 4364
4584 4625
4585 4626
4586 24427
4587 46
4588 24
4589 4598
4590 458
4591 22
4592 436
4593 217727
4594 4815
4595 26118
4596 22
4597 22193
4598 2199
4599 2179
4600 22
4601 22
4602 261
4603 2607
4604 4805
4605 4582
4606 22167
4607 2173
4608 265
4609 4578
4610 241
4611 23902
4612 2626
4613 217
4614 243
4615 21714
4616 24307
4617 4553
4618 479
4619 459
4620 26
4621 21662
4622 26201
4623 2427
4624 21888
4625 24
4626 262
4627 2423
4628 454
4629 22059
4630 24
4631 2162
4632 475
4633 220594
4634 218
4635 22052
4636 475
4637 23746
4638 21779
4639 21559
4640 455
4641 22
4642 455
4643 2154
4644 2373
4645 476
4646 22
4647 434926
4648 2369
4649 239
4650 454
4651 45412
4652 21735
4653 262674
4654 43
4655 4342
4656 2625
4657 4746
4658 219
4659 258
4660 217
4661 451
4662 26
4663 25994
4664 455
4665 474
4666 2167
4667 4333
4668 2575
4669 238
4670 236
4671 4282
4672 4521
4673 214
4674 4303
4675 24
4676 475
4677 43
4678 2354
4679 218
4680 259
4681 2141
4682 261
4683 47
4684 218
4685 42692
4686 235
4687 21383
4688 474
4689 218
4690 258
4691 2132
4692 2136
4693 2557
4694 25565
4695 4518
4696 2345
4697 26
4698 2344
4699 2388
4700 26
4701 21702
4702 21506
4703 23434
4704 2128
4705 21722
4706 217
4707 2146
4708 215
4709 2168189
4710 4251
4711 42501
4712 21225
4713 4477
4714 2143
4715 2168
4716 45
4717 212466
4718 2145
4719 259
4720 2121
4721 4491
4722 2546
4723 23314
4724 21213
4725 21592
4726 47
4727 256
4728 4275
4729 2538
4730 214
4731 234881
4732 216
4733 2134
4734 2368
4735 4226
4736 2325
4737 23433
4738 469
4739 23659
4740 2323
4741 4432
4742 2341
4743 447
4744 21105
4745 4658
4746 2322
4747 213
4748 4444
4749 2529
4750 232
4751 4212
4752 2571806
4753 234
4754 215
4755 444
4756 42475
4757 423
4758 2314
4759 2568
4760 2145
4761 25251
4762 21
4763 2354
4764 233
4765 25608
4766 235
4767 214206
4768 4409
4769 4238
4770 256
4771 231
4772 21
4773 44
4774 23088
4775 44
4776 23495
4777 2556
4778 23445
4779 23438
4780 4649
4781 2552
4782 4605
4783 2534
4784 4643
4785 46
4786 42
4787 23
4788 4599
4789 2109
4790 209
4791 42
4792 211
4793 25454
4794 213
4795 438
4796 20872
4797 463
4798 44
4799 4378
4800 25
4801 421
4802 4211
4803 2334
4804 25
4805 2102
4806 252
4807 46
4808 25
4809 45958
4810 21
4811 2291
4812 2101
4813 41577
4814 2123
4815 2534
4816 4157
4817 436
4818 2329
4819 4358
4820 21
4821 21162
4822 43555
4823 44
4824 2488
4825 228
4826 2097
4827 23
4828 2115
4829 228
4830 2487
4831 4142
4832 416
4833 437
4834 41415
4835 20726
4836 22767
4837 41373
4838 2524
4839 459
4840 25
4841 206571
4842 436
4843 4547
4844 25
4845 438
4846 2272
4847 2313
4848 25
4849 23098
4850 252
4851 2498912
4852 20635
4853 22687
4854 2493
4855 2062
4856 4325
4857 453
4858 414
4859 2268
4860 457
4861 251
4862 21
4863 4524
4864 2058
4865 24874
4866 432
4867 436
4868 415
4869 20748
4870 23
4871 4131
4872 4335
4873 2077
4874 23
4875 2072
4876 4145
4877 226
4878 4346499
4879 20519
4880 25
4881 41
4882 20711
4883 22734
4884 25
4885 2252
4886 4507
4887 246
4888 25
4889 22909
4890 209
4891 411
4892 4111
4893 2457
4894 413
4895 2456
4896 2047
4897 4493
4898 245
4899 224989
4900 229
4901 45301
4902 206061
4903 204
4904 4103
4905 2082
4906 2285
4907 43
4908 4075
4909 24669
4910 432
4911 4301
4912 226
4913 2447
4914 208
4915 4094
4916 45
4917 2036
4918 22595
4919 2259
4920 411
4921 4491
4922 22755
4923 244
4924 2275
4925 4104
4926 20727
4927 20723
4928 2054
4929 24549
4930 2254
4931 2071
4932 41
4933 40564
4934 20515
4935 446
4936 45
4937 203
4938 45
4939 2049
4940 2065
4941 2271
4942 20255
4943 24277
4944 425
4945 22673816
4946 22685
4947 243
4948 40825
4949 449
4950 22671156
4951 202
4952 206
4953 404
4954 2043
4955 222
4956 202
4957 20416
4958 2019
4959 2019
4960 222
4961 202
4962 22576
4963 4054
4964 2055
4965 4254
4966 20582
4967 24363
4968 22184
4969 2258
4970 4266
4971 22372
4972 4246
4973 2214
4974 2415
4975 22312
4976 2412
4977 426
4978 404
4979 4238
4980 245
4981 2052
4982 221
4983 2047
4984 243
4985 40526
4986 2427
4987 223
4988 4415
4989 22089
4990 22289
4991 421
4992 20475
4993 24254
4994 20465
4995 222667111556
4996 2222
4997 402666
4998 2445
4999 2222889
5000 2
5001 2
5002 40006
5003 4
5004 20028
5005 2
5006 2
5007 20016
5008 4014
5009 201679
5010 2
5011 2
5012 20176
5013 2017
5014 443
5015 2014
5016 2195
5017 20353
5018 2234
5019 21959
5020 4006
5021 2191
5022 24096
5023 44
5024 4005
5025 4
5026 24077
5027 223
5028 4
5029 418
5030 4
5031 22262
5032 3975
5033 201097
5034 41915
5035 2006
5036 417
5037 3973
5038 2029
5039 439
5040 2028
5041 2222
5042 4405
5043 24214
5044 2205
5045 4162936
5046 22
5047 3983
5048 44
5049 4361678
5050 2
5051 2
5052 3981
5053 4
5054 4393
5055 2
5056 2
5057 43546
5058 2019
5059 22139
5060 2
5061 2
5062 2371
5063 397
5064 41908
5065 4188
5066 397
5067 21733
5068 2015
5069 219
5070 2016
5071 241
5072 41625
5073 414
5074 1973
5075 416
5076 2187
5077 2013
5078 19695
5079 3938
5080 2189
5081 197052
5082 2405
5083 19894
5084 2168
5085 4132
5086 21827
5087 23806
5088 24
5089 1989
5090 1969
5091 22
5092 436
5093 3927
5094 2183
5095 4318
5096 22
5097 23763
5098 4339
5099 21789
5100 2
5101 2
5102 198001
5103 4137
5104 2175
5105 2
5106 2
5107 19973
5108 21539
5109 19789
5110 2
5111 2
5112 19975
5113 2347
5114 4343
5115 2174
5116 432
5117 39283
5118 434
5119 41438
5120 1975
5121 2191
5122 41
5123 41187
5124 21663
5125 2168
5126 4097
5127 4293
5128 1954
5129 2149
5130 394
5131 21871
5132 43085
5133 197
5134 41315
5135 19712
5136 23795
5137 21803
5138 2145
5139 2339
5140 43
5141 2142
5142 1986
5143 23547
5144 21425
5145 2138
5146 23535
5147 21566
5148 2335319
5149 19639
5150 214
5151 412
5152 19606
5153 198374
5154 40943
5155 1942
5156 4077
5157 23293
5158 4095
5159 39
5160 407
5161 23292
5162 1976
5163 2154
5164 1958
5165 194
5166 217
5167 2133
5168 215
5169 23409
5170 213
5171 41
5172 19571
5173 1937
5174 19523
5175 4292
5176 19745
5177 21673
5178 214759
5179 2319
5180 39
5181 19321
5182 42671
5183 4247
5184 1968
5185 1952
5186 4092
5187 2123
5188 2315
5189 21218
5190 1948
5191 2121
5192 235
5193 42384
5194 233
5195 216
5196 23097
5197 23133
5198 389
5199 40589
5200 231
5201 19612
5202 406
5203 404
5204 4055
5205 1962
5206 2117
5207 2343
5208 4265
5209 21158
5210 1962
5211 195782
5212 2151
5213 192024
5214 215
5215 19214
5216 232
5217 213
5218 234
5219 2338
5220 2146
5221 232182
5222 4041
5223 21444
5224 425
5225 232
5226 385
5227 23
5228 404
5229 4018
5230 1914
5231 3862
5232 4035
5233 2297
5234 1953
5235 4052
5236 195
5237 233
5238 2295
5239 19298
5240 405
5241 42
5242 191
5243 214
5244 4005
5245 21356
5246 2135
5247 421426
5248 1944
5249 229
5250 4
5251 38471
5252 381
5253 4
5254 2115
5255 4
5256 2325
5257 2323
5258 19059
5259 22858
5260 21297
5261 192
5262 4031
5263 194
5264 21125
5265 4008
5266 21117
5267 23203
5268 209
5269 19
5270 23
5271 40262
5272 38335
5273 2107
5274 1938
5275 4
5276 2087
5277 3813
5278 4
5279 4018
5280 4
5281 2121
5282 38266
5283 19347
5284 2275
5285 21232
5286 42
5287 3823
5288 22924
5289 208
5290 38
5291 21
5292 4161
5293 193127
5294 21198
5295 38
5296 19075
5297 1926
5298 22839
5299 21178
5300 4
5301 3811
5302 2305
5303 4
5304 1925
5305 4
5306 4167
5307 2303
5308 2114
5309 379
5310 2262
5311 39582
5312 37651
5313 1924
5314 23
5315 20734
5316 2295
5317 22966
5318 4139
5319 38
5320 3985
5321 37982
5322 2255
5323 22957
5324 2275
5325 188
5326 20862
5327 2086
5328 229
5329 1918
5330 394
5331 18762
5332 41675
5333 394
5334 21018
5335 2066
5336 375
5337 1876
5338 39719
5339 2098
5340 2268
5341 18742
5342 4141
5343 414
5344 1875
5345 2058
5346 413807
5347 1874326
5348 22644
5349 2098
5350 206
5351 4151
5352 3756
5353 187
5354 413
5355 2282
5356 20745
5357 2093
5358 18869
5359 20939
5360 375
5361 2261
5362 3771
5363 18667
5364 18833
5365 414
5366 37667
5367 3766
5368 2275
5369 19
5370 2276
5371 41
5372 37621
5373 207
5374 19003
5375 376
5376 1862
5377 186
5378 2254
5379 19
5380 19
5381 37562
5382 411
5383 3734
5384 41068
5385 18572
5386 18977
5387 2083
5388 4124
5389 189499
5390 39
5391 40811
5392 375
5393 2227
5394 41198
5395 1876
5396 3725
5397 393
5398 189
5399 389
5400 393
5401 2222
5402 411
5403 204
5404 3703
5405 3704
5406 37
5407 3703
5408 189
5409 18878
5410 222
5411 392
5412 185
5413 3717
5414 18493
5415 388
5416 207
5417 1883
5418 2034
5419 22148
5420 41
5421 4062
5422 391
5423 1844
5424 18625
5425 1864
5426 20662
5427 223
5428 20304
5429 2028
5430 407
5431 38671
5432 225
5433 37
5434 2065
5435 2046
5436 3867
5437 206
5438 18779
5439 39
5440 1875
5441 18381
5442 186
5443 20614
5444 2223
5445 3879196
5446 2222
5447 4043
5448 3875
5449 4078
5450 18536
5451 202
5452 22381
5453 183404
5454 2039278
5455 22
5456 202
5457 38523
5458 1869
5459 38839
5460 22
5461 22161
5462 405
5463 2054
5464 205
5465 368
5466 185
5467 1833
5468 3859
5469 22348
5470 183
5471 2051
5472 18496
5473 38774
5474 203
5475 2192
5476 18645
5477 1826
5478 3854
5479 4019
5480 219
5481 20252
5482 405
5483 182787
5484 405
5485 186
5486 385
5487 2023
5488 1824
5489 40299
5490 2188
5491 2222
5492 2185
5493 36414
5494 182383
5495 38253176
5496 222
5497 18596
5498 203749
5499 18389
5500 2
5501 2
5502 3855
5503 4
5504 40153
5505 2
5506 2
5507 2016
5508 2215
5509 20169
5510 2
5511 2
5512 385
5513 1854
5514 4008
5515 2214
5516 21795
5517 4006
5518 1834
5519 362769
5520 185
5521 19962
5522 1851
5523 3987
5524 3838
5525 4
5526 2027
5527 18093
5528 4
5529 38
5530 4
5531 181
5532 3816
5533 36167
5534 3618
5535 2172
5536 19892
5537 20246
5538 18095
5539 36108
5540 363
5541 381
5542 2205
5543 3807
5544 2186548
5545 198738
5546 22
5547 18066
5548 3825
5549 36439
5550 2
5551 2
5552 20031
5553 4
5554 39993
5555 2
5556 2
5557 19993
5558 1819
5559 19968
5560 2
5561 2
5562 3776
5563 3597
5564 20133
5565 19788
5566 1797
5567 1836
5568 179634
5569 21909
5570 1993
5571 2172
5572 3771
5573 377
5574 18138
5575 3948
5576 3587
5577 1813
5578 199
5579 38
5580 219
5581 39441
5582 1971
5583 2187
5584 1793
5585 1812
5586 1792
5587 21876
5588 199
5589 199
5590 358
5591 21821
5592 1985
5593 19884
5594 2165
5595 37716
5596 18247
5597 1826
5598 395
5599 179
5600 2
5601 2
5602 37701
5603 1967
5604 18025
5605 2
5606 2
5607 216
5608 214
5609 378
5610 2
5611 2
5612 376
5613 19617
5614 3958
5615 374
5616 182
5617 36
5618 3934
5619 1958
5620 2155
5621 1781
5622 17791
5623 1814
5624 19755
5625 21728
5626 377
5627 17793
5628 215
5629 177849
5630 1794
5631 35891
5632 375
5633 17934
5634 3568
5635 1972
5636 17942
5637 3903
5638 1795
5639 3939
5640 355
5641 181
5642 181
5643 2165554
5644 19848
5645 3738
5646 3757
5647 1966
5648 2125
5649 3578
5650 354
5651 38951
5652 356
5653 3717
5654 393
5655 2124
5656 177
5657 21393
5658 19795
5659 2158
5660 1767
5661 1802
5662 355
5663 17694
5664 3708
5665 3534
5666 17667
5667 18036
5668 19409
5669 19619
5670 2136
5671 3562
5672 1975
5673 3737
5674 21153
5675 372
5676 37
5677 356
5678 354
5679 18
5680 215
5681 3542
5682 17811
5683 17987
5684 1955
5685 352
5686 3535
5687 1776
5688 21099
5689 21308
5690 2109
5691 195242
5692 211
5693 17954
5694 35513
5695 35298
5696 197
5697 19326
5698 39
5699 179
5700 193
5701 21421
5702 17906
5703 37
5704 2125
5705 2142
5706 37
5707 17873
5708 38739
5709 19268
5710 17531
5711 21401
5712 17875
5713 177
5714 1752223
5715 3694
5716 17845
5717 175113
5718 2134
5719 19238
5720 21
5721 17691
5722 3705
5723 17844
5724 3688
5725 196
5726 19562
5727 1956
5728 17654
5729 1749
5730 37
5731 21152
5732 36675
5733 37
5734 368
5735 192
5736 19545
5737 38733
5738 1919
5739 17808
5740 1953
5741 38532
5742 195441
5743 38677
5744 175855
5745 176
5746 35
5747 383
5748 369
5749 3498
5750 176
5751 1951
5752 19475
5753 174
5754 365
5755 2122
5756 3475
5757 193
5758 2119
5759 19278
5760 212
5761 351
5762 21
5763 17354
5764 3508
5765 17348
5766 2085
5767 3836
5768 1909
5769 36419
5770 1943
5771 3641
5772 21
5773 3674
5774 2115
5775 208
5776 19062
5777 3843
5778 20945
5779 3809
5780 3495
5781 3652
5782 211
5783 1764
5784 175
5785 2092
5786 3457
5787 19183
5788 349
5789 21109
5790 19
5791 17631
5792 211
5793 3627
5794 20713
5795 38
5796 347
5797 1763
5798 2089
5799 174189
5800 19
5801 3622
5802 3656
5803 207
5804 3653
5805 2102
5806 2067
5807 2103
5808 1739
5809 1758
5810 21
5811 19291
5812 2101
5813 3647
5814 193
5815 17388
5816 34407
5817 2097683
5818 17379
5819 38
5820 21
5821 172
5822 191
5823 3627
5824 1738
5825 1736
5826 20977
5827 2063
5828 20779
5829 171918
5830 364
5831 17342
5832 17166
5833 34497
5834 1903
5835 206
5836 19195
5837 2073
5838 20574
5839 171639
5840 175
5841 363332
5842 34581
5843 174777
5844 173
5845 38
5846 207
5847 3626
5848 19
5849 36078
5850 2072
5851 361
5852 18985
5853 1917
5854 18965
5855 1744
5856 35895
5857 1916
5858 345
5859 206539
5860 1727
5861 37741
5862 20471
5863 1897
5864 205
5865 17088
5866 3447
5867 36
5868 1909
5869 358
5870 1876
5871 341
5872 375
5873 20637
5874 1873
5875 208
5876 19095
5877 17186
5878 359
5879 1718
5880 2075
5881 1721
5882 3761
5883 17
5884 2043
5885 172
5886 1735
5887 18706
5888 374
5889 16998
5890 1698
5891 3431
5892 36
5893 34297
5894 3565
5895 36
5896 375
5897 3563
5898 16989
5899 1899
5900 19
5901 17321
5902 356
5903 18804
5904 1728
5905 169704
5906 17137
5907 3386
5908 2065
5909 35558
5910 342
5911 34211
5912 3385
5913 3724
5914 1708
5915 34
5916 357
5917 3566
5918 34
5919 2048
5920 186
5921 20301
5922 3396
5923 3414
5924 2063
5925 1892
5926 2027
5927 356
5928 18929
5929 169
5930 1857
5931 2042
5932 20585
5933 17194
5934 2056303
5935 18706
5936 3575
5937 1873
5938 18545
5939 170098
5940 1889263
5941 37371
5942 18531
5943 3384
5944 355
5945 3398
5946 37
5947 205166
5948 17169
5949 16978
5950 338
5951 202
5952 185
5953 17
5954 1715
5955 1864
5956 16995
5957 1716
5958 1714
5959 168
5960 1695
5961 20151
5962 205
5963 335754
5964 3555
5965 168
5966 17117
5967 18606
5968 17125
5969 1709
5970 1863
5971 372
5972 171
5973 37
5974 18415
5975 18596
5976 37
5977 2043
5978 16899
5979 18418
5980 1689
5981 1841
5982 169211
5983 3694
5984 368
5985 18732
5986 185635
5987 3376
5988 18574
5989 16898
5990 1688
5991 3542
5992 18725
5993 1854
5994 18722425963
5995 33378
5996 20197
5997 185263
5998 166889
5999 166878
6000 2
6001 2
6002 2001
6003 37
6004 20005
6005 2
6006 2
6007 2016
6008 2014
6009 3678
6010 2
6011 2
6012 185
6013 17
6014 168143
6015 16808
6016 35075
6017 183
6018 334
6019 369
6020 201
6021 201
6022 16641
6023 3487
6024 18463
6025 168
6026 16927
6027 186
6028 365
6029 1659
6030 2007
6031 3681
6032 35
6033 33337
6034 18265
6035 1692
6036 3645
6037 2006
6038 16895
6039 2023698
6040 2005
6041 18542
6042 18241
6043 3677
6044 33273
6045 34756
6046 3657
6047 20043
6048 169
6049 349
6050 2
6051 2
6052 1656
6053 1834
6054 347078
6055 2
6056 2
6057 1653
6058 19845
6059 20139
6060 2
6061 2
6062 3631
6063 16827
6064 33
6065 16508
6066 185
6067 33
6068 165
6069 348
6070 346
6071 19931
6072 3475
6073 166674
6074 165
6075 3656
6076 1845
6077 3326
6078 349
6079 16799
6080 16464
6081 1842
6082 1661
6083 1664
6084 168
6085 166
6086 18257
6087 3483
6088 365
6089 1989
6090 3468
6091 332
6092 3285
6093 184
6094 33
6095 3316
6096 32825
6097 33
6098 3644
6099 19679
6100 2
6101 2
6102 1806
6103 1837
6104 328
6105 2
6106 2
6107 32946
6108 1639
6109 16569
6110 2
6111 2
6112 18001
6113 347
6114 3273
6115 3454
6116 345
6117 36
6118 3289
6119 18338
6120 1801
6121 163372
6122 18001
6123 327
6124 19613
6125 1832
6126 1977
6127 1993
6128 165
6129 3428
6130 18124
6131 164771
6132 3425
6133 1797
6134 165
6135 326
6136 3442
6137 36176
6138 1828319
6139 3439
6140 1808
6141 342
6142 36
6143 19554
6144 1973
6145 36
6146 1987
6147 16613
6148 1825
6149 3578
6150 1628
6151 18212
6152 18225
6153 1804
6154 1643
6155 182
6156 3577
6157 3593
6158 16564
6159 18039
6160 182
6161 1641
6162 1821
6163 3424
6164 3605
6165 328
6166 182
6167 36
6168 1965
6169 32438
6170 36
6171 3241
6172 34221
6173 162174
6174 3403
6175 1652
6176 1637
6177 17826
6178 33995
6179 18
6180 34
6181 1652
6182 1621
6183 34
6184 343
6185 3266
6186 3592
6187 326653
6188 165
6189 197318
6190 359
6191 33922
6192 164761
6193 197
6194 165
6195 1616
6196 32297
6197 163
6198 339
6199 3388
6200 181
6201 33901
6202 1951
6203 32404
6204 1628
6205 342
6206 1937
6207 3546
6208 16289
6209 3579
6210 1791
6211 17891
6212 1935
6213 164494
6214 32543
6215 354
6216 195
6217 19466
6218 3395
6219 338
6220 341
6221 16091
6222 18001
6223 18014
6224 35688
6225 196
6226 177
6227 16093
6228 3229
6229 18
6230 1944
6231 16052
6232 17975
6233 164
6234 18
6235 1766
6236 3225
6237 3370406
6238 324
6239 1959
6240 1638
6241 1942
6242 17786
6243 354
6244 3205
6245 17776
6246 322
6247 19243
6248 194
6249 33639
6250 16
6251 16351
6252 1635
6253 1617
6254 1615
6255 1922
6256 352
6257 16
6258 19369
6259 1919
6260 3227
6261 192
6262 176
6263 1597
6264 1758
6265 17574
6266 33835
6267 32266
6268 17709
6269 1629
6270 163
6271 351
6272 335
6273 32044
6274 3223
6275 17884
6276 1595
6277 32213
6278 16249
6279 1628
6280 3204
6281 17531
6282 33461
6283 19117
6284 1768
6285 32
6286 35
6287 1753
6288 3375
6289 3198
6290 159
6291 1911
6292 35
6293 193884
6294 1783
6295 3336
6296 1622
6297 19233
6298 3195
6299 178
6300 194
6301 1622
6302 351
6303 1604
6304 178
6305 1764
6306 1602
6307 1603
6308 3364
6309 3489
6310 162
6311 1602
6312 1776
6313 317
6314 1758
6315 15994
6316 32
6317 3483
6318 334
6319 31969
6320 16
6321 15982
6322 15851
6323 174
6324 33525
6325 16
6326 3497
6327 193
6328 17415
6329 15818
6330 17697
6331 1771
6332 335
6333 15964
6334 3333
6335 1612
6336 3507292
6337 333
6338 16095
6339 35039
6340 333
6341 18942
6342 31886
6343 347
6344 175
6345 16076
6346 35
6347 3326
6348 3469
6349 33078
6350 3326
6351 3151
6352 17475
6353 15774
6354 1763
6355 1764
6356 31627
6357 17653
6358 1919
6359 160719
6360 192
6361 157241
6362 1605
6363 1590794
6364 33
6365 3474
6366 157432
6367 33
6368 158609
6369 19
6370 33
6371 3472
6372 1885
6373 314
6374 158615
6375 16
6376 3325
6377 15873
6378 158545
6379 19
6380 19
6381 331
6382 16
6383 3447
6384 1568
6385 156946
6386 1757
6387 3476
6388 315
6389 15998
6390 1598
6391 3131
6392 3475
6393 173784
6394 33
6395 3456
6396 172
6397 33
6398 18789
6399 31599
6400 33
6401 3312
6402 1906
6403 1737
6404 17505
6405 3282
6406 31552
6407 159546
6408 189
6409 15778
6410 1732
6411 18891
6412 175
6413 1717
6414 343
6415 34468
6416 17332
6417 32883
6418 3445
6419 15738
6420 3131
6421 1872
6422 346
6423 187
6424 3288
6425 344
6426 17277
6427 31293
6428 31304
6429 159
6430 1714
6431 3281
6432 1866
6433 3437
6434 34383
6435 18667012
6436 342
6437 31103
6438 174
6439 1898
6440 3123
6441 1742
6442 3136
6443 15707
6444 31223
6445 17378
6446 157
6447 173743
6448 17094
6449 1878
6450 1738
6451 3102
6452 31
6453 3287
6454 313
6455 15664
6456 327
6457 186
6458 3114
6459 3129
6460 172
6461 1551
6462 1721
6463 17054
6464 1705
6465 18594
6466 1717
6467 3266
6468 325
6469 158
6470 15626
6471 3431
6472 33996
6473 3277
6474 173
6475 156
6476 187
6477 171686
6478 1854
6479 309
6480 1869
6481 341
6482 3411
6483 17
6484 1868
6485 1852
6486 16992
6487 3253
6488 324
6489 3409
6490 188
6491 31
6492 185
6493 17114
6494 3083
6495 15398
6496 325
6497 31093
6498 3249
6499 32499
6500 34
6501 15721
6502 311
6503 34
6504 172528
6505 3244
6506 18617
6507 3243
6508 3075
6509 169
6510 1722
6511 1691
6512 1551
6513 324
6514 3393
6515 17208
6516 1845
6517 1536
6518 18429
6519 17058
6520 31
6521 30672
6522 1705
6523 33727
6524 155
6525 3404
6526 3097
6527 33723
6528 15504
6529 15318
6530 17
6531 3081
6532 30925
6533 34
6534 339933
6535 3232
6536 17
6537 1533
6538 1545
6539 15449
6540 1563
6541 3061
6542 1836
6543 1547
6544 15298
6545 156
6546 185
6547 1543
6548 1544
6549 339
6550 324
6551 171
6552 156
6553 305387
6554 1863
6555 3204
6556 1527
6557 1693
6558 3219
6559 18619
6560 1677
6561 1692
6562 171
6563 1524
6564 183
6565 154
6566 32
6567 15563
6568 15259
6569 15529
6570 186
6571 18431
6572 15385
6573 1707
6574 338
6575 17068
6576 1825
6577 3073
6578 1554
6579 3209
6580 169
6581 1842
6582 155
6583 15194
6584 3375
6585 1672
6586 16857
6587 3053
6588 16849
6589 1518
6590 319
6591 1821
6592 3186
6593 31884
6594 3339433
6595 1518
6596 16695
6597 16826
6598 1699
6599 3199
6600 17
6601 151812
6602 306
6603 18204
6604 303
6605 182
6606 185
6607 18346
6608 1515
6609 3179
6610 3041
6611 15311
6612 151425
6613 302754
6614 1515
6615 3054
6616 16932
6617 31906
6618 1845
6619 317438
6620 1526
6621 33382
6622 31746
6623 1827
6624 1513
6625 32
6626 18112
6627 15123
6628 16779
6629 33218
6630 154
6631 181
6632 3016
6633 319934
6634 303
6635 3046
6636 3195
6637 303
6638 1674
6639 318
6640 333
6641 181
6642 181
6643 1507
6644 1823
6645 1538
6646 1672
6647 31926
6648 3025
6649 3339
6650 334
6651 30071
6652 3175
6653 334
6654 16563
6655 182
6656 302
6657 3323
6658 1669
6659 3319
6660 167
6661 151961
6662 18331
6663 165124
6664 3333
6665 3334
6666 1667
6667 3
6668 15
6669 3329
6670 3
6671 3331
6672 15021
6673 3177
6674 3
6675 16812
6676 15012
6677 16656
6678 1649
6679 18
6680 15
6681 18141
6682 1811
6683 18287
6684 17955
6685 16606
6686 18277
6687 3006
6688 16615
6689 299
6690 329
6691 1511
6692 17935
6693 1527
6694 16748
6695 16596
6696 1822
6697 33
6698 15245
6699 3299
6700 3
6701 3301
6702 151
6703 164404
6704 3
6705 3162
6706 149435
6707 3
6708 164
6709 163989
6710 182
6711 301
6712 315885
6713 16717
6714 3143
6715 16414
6716 1507
6717 15053
6718 329
6719 31569
6720 1521
6721 1491
6722 3291
6723 314
6724 3275
6725 152
6726 178427
6727 150293
6728 165
6729 18
6730 3137
6731 29862
6732 1815391
6733 3134
6734 3
6735 15026
6736 297242
6737 3
6738 14874
6739 3118
6740 3
6741 181
6742 163186
6743 2984
6744 18105
6745 298
6746 14972
6747 166
6748 15
6749 298
6750 3144
6751 15112
6752 181
6753 16587
6754 178
6755 14804
6756 1495
6757 1646
6758 314
6759 14958
6760 1512
6761 149682
6762 31071
6763 15097
6764 1508
6765 148
6766 32517
6767 1806
6768 16284
6769 29709
6770 1656
6771 1641
6772 29535
6773 18044
6774 3115
6775 164
6776 325
6777 313
6778 2954
6779 18
6780 149
6781 31
6782 17871
6783 1787
6784 18
6785 32572
6786 177
6787 1506
6788 165
6789 18
6790 18
6791 311
6792 2961
6793 178154
6794 165
6795 3238
6796 16495
6797 30896
6798 1489
6799 178
6800 15
6801 294401
6802 3105
6803 16334
6804 178
6805 1502
6806 3087
6807 1616
6808 15
6809 178
6810 31
6811 32301
6812 2951
6813 1647
6814 15
6815 17934
6816 17782
6817 16283
6818 16445
6819 148148
6820 311
6821 146782
6822 3241
6823 1627
6824 3255
6825 148
6826 29477
6827 17756
6828 179
6829 1759
6830 164
6831 1642691
6832 1625
6833 16394
6834 29283
6835 1466
6836 16267
6837 1773
6838 3074
6839 30708
6840 1493
6841 3232
6842 31
6843 177
6844 1755
6845 1638
6846 1785
6847 1491313
6848 17525
6849 32139
6850 146
6851 32261
6852 3081
6853 16374
6854 178
6855 324
6856 14895
6857 146
6858 14745
6859 3078
6860 3092
6861 147502
6862 1781
6863 17794
6864 175
6865 1748
6866 14582
6867 3233
6868 309
6869 147358
6870 306
6871 3231
6872 3085
6873 307
6874 30873
6875 16
6876 17612
6877 2926
6878 1745
6879 2909
6880 1599
6881 14562
6882 16
6883 145434
6884 3068
6885 1746
6886 3227
6887 176
6888 15999
6889 2918
6890 308
6891 321
6892 148175
6893 1757
6894 1613
6895 17436
6896 3047
6897 1466
6898 145
6899 2899
6900 29
6901 322
6902 161
6903 174
6904 162228
6905 14484
6906 29137
6907 16246
6908 1465
6909 1769
6910 32
6911 291
6912 1476
6913 17677
6914 2893
6915 2894
6916 1475
6917 3036
6918 28939
6919 159
6920 175
6921 162
6922 305
6923 17333844
6924 16063
6925 292
6926 162
6927 16026
6928 16025
6929 1618
6930 1763654
6931 145881
6932 1616
6933 14597
6934 303
6935 306
6936 3045
6937 173
6938 29
6939 15998
6940 2898
6941 32
6942 291
6943 17314
6944 15873
6945 16
6946 14685
6947 14713
6948 1615
6949 14549
6950 16
6951 147061
6952 1456
6953 17404
6954 15978
6955 17284
6956 1452
6957 31623
6958 16114
6959 143729
6960 1595
6961 302
6962 30181
6963 145054
6964 16083
6965 1594
6966 1582
6967 303
6968 14525
6969 29
6970 14363
6971 3172
6972 175
6973 1437
6974 15803
6975 1752
6976 287
6977 17343
6978 1449
6979 3038
6980 145
6981 31831
6982 17216
6983 14464
6984 175
6985 1592
6986 31635
6987 146
6988 315
6989 15898
6990 289
6991 1432
6992 2875
6993 17476222254
6994 3163
6995 17158
6996 1747
6997 17296
6998 1445
6999 2889
7000 3
7001 3001
7002 1601
7003 144367
7004 3
7005 1442
7006 16002
7007 3
7008 3014
7009 28679
7010 301
7011 3011
7012 30251
7013 28547
7014 1443
7015 3008
7016 2882
7017 1713
7018 14279
7019 17269
7020 1456
7021 1581
7022 3005
7023 174
7024 15675
7025 1724
7026 30047
7027 142593
7028 3004
7029 1596418
7030 1437
7031 143681
7032 316
7033 14364
7034 3
7035 172
7036 145
7037 3
7038 1424
7039 14208
7040 3
7041 31561
7042 15791
7043 284
7044 1705
7045 14338
7046 287
7047 2983
7048 315
7049 2839
7050 142
7051 17022
7052 156
7053 1717
7054 315
7055 29782
7056 28502
7057 15616
7058 159
7059 14478
7060 17
7061 1561
7062 3131
7063 297494
7064 14158
7065 2834
7066 17
7067 3
7068 1415
7069 14148
7070 3
7071 3141
7072 1571
7073 1414
7074 3
7075 14136
7076 15687
7077 143
7078 155554
7079 14128
7080 1414
7081 29941
7082 171
7083 14134
7084 1443
7085 2826
7086 14142
7087 3106
7088 28375
7089 143899
7090 158
7091 14132
7092 285
7093 31314
7094 1565
7095 158
7096 141095
7097 144033
7098 144
7099 1578
7100 31
7101 3101
7102 28305
7103 14107
7104 155
7105 1564
7106 1717
7107 16916
7108 28139
7109 142369
7110 311
7111 14091
7112 15751
7113 3124
7114 28115
7115 1688
7116 1407
7117 1436
7118 28129
7119 1548
7120 1576
7121 281
7122 14041
7123 15457
7124 3105
7125 1544
7126 2835
7127 140623
7128 3117454
7129 28349
7130 17
7131 2962
7132 3085
7133 15437
7134 28203
7135 309912
7136 2817
7137 140146
7138 1429
7139 1698
7140 143
7141 171
7142 1431
7143 14
7144 29425
7145 14276
7146 14022
7147 143
7148 15669
7149 13988
7150 14
7151 15412
7152 14125
7153 29374
7154 3078
7155 14284
7156 295
7157 30893
7158 14
7159 14139
7160 295
7161 15361
7162 31
7163 1424
7164 2933
7165 2934
7166 139717
7167 1563
7168 2959
7169 1409
7170 15636
7171 141
7172 1396
7173 307
7174 1673
7175 14092
7176 14075
7177 14226
7178 15354
7179 28
7180 2939
7181 14221
7182 1561
7183 17
7184 3093
7185 1406
7186 16727
7187 1546
7188 13915
7189 1408
7190 1558
7191 142
7192 169636
7193 14057
7194 2933
7195 278
7196 29322
7197 2793
7198 2794
7199 29478
7200 1696
7201 13901
7202 3055
7203 152867
7204 153
7205 1542
7206 28035
7207 2803
7208 2775
7209 168
7210 1401
7211 1692
7212 27901
7213 138794
7214 13865
7215 14
7216 13875
7217 16766
7218 15395
7219 169
7220 291
7221 14001
7222 152451
7223 14
7224 1675
7225 2796
7226 2797
7227 1691186
7228 30465
7229 29328
7230 14
7231 15381
7232 1535
7233 141297
7234 2765
7235 166
7236 2767
7237 30676
7238 2929
7239 1398
7240 155
7241 151942
7242 141
7243 3054
7244 2775
7245 1658
7246 15472
7247 27766
7248 139625
7249 29
7250 152
7251 2761
7252 2925
7253 16574
7254 15178
7255 16542
7256 1395
7257 2923
7258 3059
7259 27719
7260 277
7261 292
7262 3031
7263 15297
7264 28925
7265 16548
7266 154297
7267 151536
7268 1515
7269 28919
7270 13893
7271 3041
7272 2904596
7273 13777
7274 165
7275 168
7276 13895
7277 1513
7278 167659
7279 29018
7280 29
7281 1541
7282 305
7283 167817
7284 15268
7285 137572
7286 2885
7287 276
7288 1375
7289 15108
7290 1538
7291 13732
7292 1661
7293 14
7294 29065
7295 15356
7296 1372
7297 2893
7298 28789
7299 288
7300 14
7301 1522
7302 15355
7303 274
7304 28905
7305 1384
7306 167
7307 2903
7308 289
7309 139858
7310 152
7311 13692
7312 2875
7313 139754
7314 3023
7315 1534
7316 13807
7317 2897666
7318 29
7319 138
7320 1641
7321 15162
7322 28696
7323 13657
7324 1655
7325 13816
7326 166697
7327 13786
7328 1665
7329 150228
7330 164
7331 13671
7332 28916
7333 1364
7334 3
7335 1666
7336 13795
7337 3
7338 13929
7339 139
7340 3
7341 16622
7342 15255
7343 15254
7344 16355
7345 15276
7346 28587
7347 13626
7348 15
7349 164949
7350 166
7351 151
7352 3006
7353 13887
7354 13613
7355 302
7356 30045
7357 28846
7358 1495
7359 1658
7360 1375
7361 13751
7362 30155
7363 1524
7364 28805
7365 288
7366 14935
7367 3
7368 29859
7369 2729
7370 3
7371 1631
7372 285
7373 137
7374 3
7375 152
7376 2862
7377 135573
7378 15045
7379 16428
7380 274
7381 1641
7382 135466
7383 1517
7384 30068
7385 286
7386 13542
7387 16383
7388 13549
7389 1489
7390 149
7391 15021
7392 1625
7393 1354
7394 165
7395 2856
7396 15172
7397 28663
7398 299
7399 16489
7400 3
7401 27322
7402 1351
7403 14874
7404 3
7405 14882
7406 2702
7407 3
7408 15
7409 27279
7410 2861
7411 16492
7412 14976
7413 28477
7414 15
7415 16468
7416 2832
7417 28583
7418 1634
7419 2979
7420 286
7421 162
7422 29941
7423 2844
7424 163
7425 15114104
7426 15085
7427 26956
7428 1629
7429 1618
7430 284
7431 1362
7432 1616
7433 13467
7434 13468
7435 137352
7436 2975
7437 1346
7438 16295
7439 2959
7440 148
7441 1481
7442 136
7443 13707
7444 13705
7445 13596
7446 137
7447 1613
7448 1344
7449 2849
7450 298
7451 1612
7452 14925
7453 16117
7454 2965
7455 2844
7456 2952
7457 149123
7458 295
7459 135678
7460 137
7461 161
7462 271
7463 16227
7464 1608
7465 1368
7466 13397
7467 16206
7468 15
7469 15009
7470 296
7471 28272
7472 1475
7473 16074
7474 15
7475 13512
7476 162
7477 2956
7478 163295
7479 1499
7480 15
7481 16042
7482 28216
7483 147
7484 13525
7485 16326
7486 27
7487 13653
7488 1365
7489 134998
7490 1498
7491 14711
7492 14685
7493 2684
7494 26715
7495 14958
7496 136222
7497 163
7498 1494
7499 134978
7500 16
7501 13601
7502 1361
7503 148237
7504 28
7505 16004
7506 13352
7507 16
7508 2825
7509 29458
7510 1361
7511 1611
7512 2676
7513 1347
7514 2823
7515 148
7516 133345
7517 13306
7518 2929
7519 14659
7520 1625
7521 14772
7522 2941
7523 135587
7524 2940088
7525 1608
7526 13447
7527 1463
7528 146254
7529 2938
7530 2817
7531 162
7532 2816
7533 13567
7534 133
7535 146
7536 267
7537 1473
7538 1474
7539 14859
7540 28
7541 1342
7542 2681
7543 13284
7544 1355
7545 2916
7546 16035
7547 14843
7548 265
7549 2798
7550 1604
7551 16051
7552 281
7553 134
7554 278
7555 13382
7556 13502
7557 1616
7558 13509
7559 1458
7560 1352
7561 14551
7562 26726
7563 15867
7564 133555
7565 13248
7566 147
7567 16136
7568 2775
7569 148
7570 16
7571 1482
7572 135
7573 13337
7574 13338
7575 16
7576 145462
7577 2773
7578 2654
7579 28
7580 264
7581 14642
7582 147866
7583 2664
7584 293
7585 132
7586 14635
7587 1346
7588 2665
7589 13309
7590 29
7591 132
7592 134485
7593 263427
7594 133
7595 158
7596 134297
7597 1593
7598 1594
7599 279
7600 145
7601 2922
7602 1605
7603 26307
7604 2775
7605 1344
7606 292167
7607 145946
7608 2775
7609 158
7610 292
7611 2892
7612 14451
7613 15894
7614 1458
7615 2628
7616 27575
7617 1313
7618 28879
7619 14569
7620 2626
7621 1601
7622 1341
7623 291514
7624 2638
7625 16
7626 147
7627 2756
7628 29
7629 27528
7630 1324
7631 26471
7632 16
7633 1336594
7634 14568
7635 1572
7636 1442
7637 15873
7638 1469
7639 27518
7640 275
7641 2632
7642 131
7643 13084
7644 275
7645 276
7646 13237
7647 2643
7648 144119
7649 13088
7650 2748
7651 27722
7652 13356
7653 13357
7654 26393
7655 1582
7656 145
7657 130746
7658 2745
7659 29
7660 132
7661 13082
7662 130671
7663 26127
7664 26125
7665 274
7666 1332
7667 1333
7668 2765
7669 13329
7670 133
7671 1331
7672 146
7673 2737
7674 288
7675 14464
7676 262
7677 14343
7678 1304
7679 144838
7680 159
7681 143341
7682 2761
7683 131747
7684 130155
7685 146
7686 2735
7687 14453
7688 26275
7689 289
7690 1329
7691 26032
7692 143136
7693 13025114
7694 13
7695 15596
7696 1575
7697 26
7698 13149
7699 1299
7700 13
7701 28712
7702 261
7703 15737
7704 13253
7705 2884
7706 14302
7707 143
7708 2739
7709 25958
7710 131
7711 15591
7712 13125
7713 1324
7714 12965
7715 13094
7716 27232
7717 144113
7718 2734
7719 1569
7720 285
7721 272
7722 2722251
7723 144
7724 2605
7725 272
7726 156627
7727 12956
7728 26025
7729 28749
7730 2744
7731 14371
7732 2716
7733 14367
7734 2718
7735 26
7736 2742
7737 273
7738 145
7739 1318
7740 1553
7741 14471
7742 155
7743 1307
7744 15523
7745 28678
7746 12937
7747 2596
7748 15515
7749 28649
7750 284
7751 131622
7752 13056
7753 130404
7754 141865
7755 142
7756 2852
7757 12893
7758 15495
7759 1419
7760 1562
7761 13041
7762 2605
7763 27054
7764 15483
7765 1548
7766 2717
7767 14433
7768 25775
7769 129
7770 13
7771 14441
7772 14425
7773 257444
7774 1415
7775 2728
7776 1312
7777 13
7778 15454
7779 2728
7780 1545
7781 1442
7782 1311
7783 28294
7784 28393
7785 25692
7786 27
7787 15553
7788 1415
7789 1298
7790 1438
7791 15531
7792 12975
7793 154
7794 14383
7795 258
7796 2695
7797 1566
7798 1539
7799 14388
7800 154
7801 15411
7802 2706
7803 15507
7804 15505
7805 282
7806 13067
7807 14103
7808 14114
7809 13089
7810 141
7811 14111
7812 1435
7813 1294
7814 1408
7815 1308
7816 1282
7817 283
7818 1434
7819 2558
7820 155
7821 1434882
7822 14191
7823 27
7824 15363
7825 14188
7826 25712
7827 156
7828 1279
7829 128
7830 1534
7831 142
7832 1291
7833 2694
7834 2553
7835 26932
7836 13017
7837 1276
7838 129
7839 1559
7840 143
7841 2550722
7842 12905
7843 12777
7844 255
7845 1276
7846 15422
7847 13
7848 269
7849 1529
7850 12892
7851 1302
7852 256
7853 2687
7854 13
7855 14144
7856 27
7857 153
7858 14
7859 15539
7860 27
7861 1402
7862 1426
7863 139897
7864 129705
7865 14
7866 267
7867 152803
7868 2809
7869 12838
7870 1553
7871 2541
7872 1296
7873 14
7874 1538
7875 1552
7876 12725
7877 25543
7878 254
7879 140909
7880 1424
7881 141
7882 14211
7883 2564
7884 155
7885 26912
7886 14077
7887 12706
7888 25624
7889 12818
7890 14198
7891 1422
7892 1536
7893 15457
7894 152283
7895 256
7896 2547
7897 28126
7898 1294
7899 14078
7900 28
7901 14201
7902 1406
7903 267
7904 12905
7905 2682
7906 139402
7907 15203
7908 15315
7909 2658
7910 1531
7911 1292
7912 12790976
7913 2654
7914 1265
7915 268
7916 2807
7917 2553
7918 14034
7919 28048
7920 2805836
7921 15291
7922 255
7923 25257
7924 2538
7925 2664
7926 141335
7927 26493
7928 2775
7929 28
7930 14
7931 26491
7932 127335
7933 2534
7934 1515
7935 27752
7936 13875
7937 13873
7938 2545
7939 153949
7940 1398
7941 14132
7942 2531
7943 14
7944 12855
7945 128398
7946 1387
7947 15226
7948 2519
7949 13978
7950 278
7951 27671
7952 26435
7953 12574
7954 278
7955 264
7956 13952
7957 26646
7958 2664
7959 2778
7960 1397
7961 151
7962 1521
7963 25267
7964 2775
7965 1508
7966 12817
7967 2636
7968 2775
7969 2638
7970 266
7971 26372
7972 2785
7973 12807
7974 153
7975 152
7976 128162
7977 2773
7978 1404
7979 138
7980 12544
7981 252
7982 12655
7983 1517
7984 139305
7985 252
7986 277
7987 153
7988 15149
7989 13908
7990 278
7991 2642
7992 27680458236
7993 150284
7994 250313
7995 1376
7996 138947
7997 1263
7998 1250439
7999 2778
8000 14
8001 14001
8002 1501
8003 15007
8004 25
8005 14004
8006 12517
8007 14003
8008 14
8009 26358
8010 1401
8011 25092
8012 251
8013 12617
8014 15
8015 14
8016 125
8017 137236
8018 12734
8019 2771059
8020 151
8021 12481
8022 15096
8023 12614
8024 2505
8025 12724
8026 12462
8027 263
8028 2504
8029 2628
8030 137
8031 2742
8032 15066
8033 1397
8034 1383
8035 126946
8036 1395
8037 14946
8038 1269
8039 1259
8040 25
8041 1271
8042 27481
8043 2514
8044 25
8045 138
8046 2635
8047 2513
8048 25
8049 12449
8050 13804
8051 138122
8052 2735
8053 2757
8054 1243
8055 2622
8056 1502
8057 12686
8058 24845
8059 139
8060 1267
8061 136461
8062 2631
8063 1254
8064 12675
8065 248
8066 125367
8067 15136
8068 15
8069 248
8070 2616
8071 26282
8072 272696
8073 274
8074 15
8075 1376
8076 12395
8077 26
8078 15104
8079 25028
8080 15
8081 273631
8082 2611
8083 1387
8084 25
8085 26
8086 24885
8087 2623
8088 25
8089 138608
8090 13858
8091 262022
8092 261
8093 1484
8094 123798
8095 1496
8096 125
8097 126
8098 12349
8099 123598
8100 262
8101 24812
8102 12355
8103 137
8104 26175
8105 1382
8106 13585
8107 25916
8108 13715
8109 1258
8110 1492
8111 13811
8112 126
8113 27117
8114 2465
8115 148
8116 12457
8117 13813
8118 1480934
8119 24758
8120 26
8121 14901
8122 1246
8123 13814
8124 138
8125 272
8126 1477
8127 1356
8128 12329
8129 149
8130 1366694
8131 13542
8132 2585
8133 13797
8134 15
8135 246
8136 12317
8137 1476
8138 25929
8139 136518
8140 15
8141 1242
8142 13536
8143 2714
8144 122925
8145 1476
8146 12535
8147 13626
8148 15
8149 24678
8150 248
8151 1351
8152 245475
8153 1374
8154 2578
8155 124
8156 27
8157 25746
8158 2709
8159 269668
8160 125
8161 26982
8162 26
8163 124
8164 24525
8165 2474
8166 1482
8167 12503
8168 125
8169 14948
8170 136
8171 12241
8172 1471
8173 1237
8174 27173
8175 12492
8176 125
8177 12243
8178 13709
8179 25799
8180 1345
8181 2471852
8182 122221
8183 247
8184 2593
8185 1492
8186 27
8187 1246
8188 149
8189 2689
8190 148
8191 1221
8192 25636
8193 27
8194 2563
8195 1478
8196 123475
8197 13666
8198 13445
8199 1488
8200 271
8201 149021
8202 25605
8203 268207
8204 1353
8205 122
8206 2452
8207 1343
8208 13414
8209 268
8210 2681
8211 121911
8212 12326
8213 122977
8214 1243
8215 12308
8216 1232
8217 1486213
8218 134
8219 2448
8220 146
8221 12191
8222 2446
8223 27
8224 26875
8225 1352
8226 27
8227 13626
8228 1229
8229 122738
8230 27
8231 2442
8232 1216
8233 26734
8234 1483
8235 13626
8236 13492
8237 121406
8238 2429
8239 2549
8240 255
8241 136042
8242 12281
8243 13614
8244 148
8245 1458
8246 14822
8247 254883
8248 2694
8249 145739
8250 136
8251 1212
8252 1481
8253 257
8254 1213
8255 2424
8256 13325
8257 122323
8258 146659
8259 147719
8260 1212
8261 13341
8262 1455
8263 2567
8264 12125
8265 12114
8266 122335
8267 24206
8268 14515
8269 12119
8270 25393
8271 1451
8272 1221
8273 2674
8274 1453
8275 2684
8276 145
8277 14643
8278 2659
8279 2538
8280 1354
8281 121
8282 121
8283 1234
8284 268
8285 25492
8286 1207
8287 14506
8288 13299
8289 12308
8290 1449
8291 121942
8292 2535
8293 12314
8294 14483
8295 2556
8296 122
8297 25566
8298 1339
8299 120499
8300 134
8301 2412
8302 1206
8303 1337
8304 2553
8305 12164
8306 26487
8307 12173
8308 12039
8309 12169
8310 242
8311 14682
8312 135
8313 147
8314 2408
8315 254
8316 12279007
8317 24313
8318 2645
8319 2659
8320 2416
8321 12162
8322 255
8323 24174
8324 2655
8325 1336
8326 120227
8327 144123
8328 2415
8329 13459
8330 1334
8331 26662
8332 134675
8333 13334
8334 2533
8335 12
8336 14542
8337 25333
8338 24
8339 24118
8340 253
8341 132
8342 26386
8343 25184
8344 13448
8345 1438
8346 13422
8347 1343
8348 144
8349 1198
8350 12
8351 12
8352 13185
8353 146187
8354 131913
8355 12102
8356 14495
8357 146
8358 2514
8359 12229
8360 145
8361 1341
8362 1221
8363 2394
8364 24033
8365 14348
8366 146082
8367 25363
8368 14484
8369 1458
8370 146
8371 251
8372 1221
8373 1314
8374 13388
8375 24
8376 25325
8377 1217873
8378 13249
8379 1338
8380 24
8381 252
8382 14461
8383 1217
8384 1193
8385 1312
8386 12057
8387 12176
8388 2624
8389 120409
8390 25149
8391 2622
8392 25036
8393 2514
8394 120348
8395 12056
8396 131147
8397 25033
8398 145299
8399 13098
8400 25
8401 1312
8402 24055
8403 25134
8404 25
8405 262
8406 1335
8407 143
8408 25
8409 1215379
8410 132
8411 1202
8412 11901
8413 13194
8414 25208
8415 2510068
8416 1332
8417 14283
8418 145189
8419 13079
8420 11891
8421 118872
8422 2401
8423 23887
8424 2505
8425 12
8426 12
8427 13293
8428 119865
8429 14238
8430 12114
8431 130471
8432 14375
8433 13164
8434 11883
8435 12
8436 1317
8437 133
8438 13169
8439 23818
8440 25
8441 14361
8442 1186
8443 13147
8444 25
8445 1196
8446 1422
8447 14443
8448 25
8449 2488
8450 238
8451 251
8452 23675
8453 1185404
8454 1313
8455 2484
8456 1327
8457 236753
8458 2509
8459 26268
8460 1207
8461 2482
8462 26
8463 13024
8464 2375
8465 13114
8466 13232
8467 1206
8468 1325
8469 1429
8470 13
8471 1431
8472 2375
8473 144
8474 1323
8475 236
8476 14395
8477 13
8478 249
8479 119119
8480 25
8481 131
8482 12971
8483 2617
8484 25
8485 132
8486 120342
8487 118076
8488 25
8489 1309
8490 1178
8491 11921
8492 1425
8493 117757
8494 1413
8495 2378
8496 2472
8497 1296
8498 117689
8499 11778
8500 12
8501 12
8502 2355
8503 14374
8504 130528
8505 1424
8506 142502
8507 12016
8508 13189
8509 2468
8510 12
8511 2611
8512 1176
8513 11747
8514 261008
8515 23608
8516 2607
8517 236
8518 14089
8519 11869
8520 235
8521 2582
8522 1305
8523 11874
8524 11863
8525 2488
8526 14335
8527 2463
8528 129
8529 13038
8530 2604
8531 118652
8532 2485
8533 25794
8534 1315
8535 1406
8536 142
8537 246
8538 13119
8539 24839
8540 13
8541 25771
8542 11941
8543 247
8544 1173
8545 11938
8546 25872
8547 13
8548 2575
8549 1288
8550 2364
8551 24561
8552 25725
8553 25957
8554 13
8555 1182
8556 25727
8557 12986
8558 1414
8559 118029
8560 1402
8561 128492
8562 25826
8563 24654
8564 14025
8565 14034
8566 117
8567 116963
8568 2465
8569 2348
8570 1286
8571 129531
8572 11785
8573 14
8574 14115
8575 11908
8576 245
8577 12943
8578 13059
8579 1399
8580 14
8581 14241
8582 11911
8583 247
8584 1305
8585 1166
8586 12942
8587 2576
8588 13065
8589 23309
8590 119
8591 2342
8592 13061
8593 11754
8594 1165
8595 12938
8596 14195
8597 2466
8598 2445
8599 14189
8600 142
8601 1421
8602 256
8603 24667
8604 1303
8605 11762
8606 2337
8607 117486
8608 2464
8609 258
8610 1302
8611 14182
8612 118451
8613 130294
8614 13015
8615 11854
8616 23445
8617 13
8618 1395
8619 23438
8620 1405
8621 11601
8622 246
8623 23427
8624 13
8625 232
8626 12997
8627 2563
8628 12879
8629 1159
8630 128854
8631 117252
8632 11725
8633 234
8634 24568
8635 1172
8636 25475
8637 12876
8638 23179
8639 243108
8640 1183
8641 14142
8642 1391
8643 14
8644 1275
8645 118
8646 257
8647 243
8648 244
8649 139
8650 14
8651 2312
8652 11675
8653 25657
8654 13878
8655 2542
8656 13875
8657 2323
8658 14
8659 127278
8660 1282
8661 141
8662 13855
8663 127
8664 2425
8665 12928
8666 12832
8667 2333
8668 11665
8669 129429
8670 233
8671 2331
8672 1271
8673 11544
8674 1153
8675 11772
8676 2537
8677 11526
8678 2549
8679 12928
8680 1165
8681 23062
8682 2305
8683 11517
8684 243
8685 1292
8686 242
8687 25453
8688 138375
8689 1289
8690 129
8691 126822
8692 23035
8693 12654
8694 1163
8695 1278
8696 13825
8697 114996
8698 12649
8699 11498
8700 23
8701 2301
8702 13906
8703 11734
8704 253
8705 128664
8706 12867
8707 116
8708 2414
8709 1378
8710 231
8711 2411
8712 255076
8713 114794
8714 115
8715 14
8716 232
8717 11713
8718 1379
8719 13879
8720 1171
8721 1172
8722 241
8723 14
8724 22938
8725 116
8726 1262
8727 1263
8728 1375
8729 24059
8730 14
8731 252
8732 11466
8733 1397
8734 12733
8735 252
8736 117
8737 1273
8738 229
8739 12839
8740 23
8741 229061
8742 23131
8743 126984
8744 23
8745 1258
8746 2287
8747 126
8748 1269
8749 22988
8750 24
8751 13851
8752 13725
8753 24234
8754 126813
8755 24
8756 127
8757 13716
8758 2309
8759 11668
8760 137
8761 22841
8762 1155
8763 11527
8764 2305
8765 12574
8766 2397
8767 115206
8768 2409
8769 138
8770 12543
8771 125541
8772 11425
8773 114
8774 12765
8775 11648
8776 11625
8777 13686
8778 12545
8779 25199
8780 1254
8781 127662
8782 12766
8783 11387
8784 2393
8785 12772
8786 2527
8787 23
8788 136575
8789 126308
8790 2528
8791 136731
8792 23908235
8793 23884
8794 11383
8795 116
8796 11495
8797 2526
8798 115049
8799 2298
8800 24
8801 2502
8802 11601
8803 13634
8804 25
8805 1364
8806 13752
8807 115943
8808 25
8809 23978
8810 252
8811 138602
8812 22835
8813 11347
8814 1273
8815 1248
8816 125
8817 114666
8818 2384
8819 1159
8820 1261
8821 113391
8822 1146
8823 25174
8824 238
8825 136
8826 1362
8827 126
8828 12575
8829 24918
8830 1247
8831 13591
8832 23791
8833 137
8834 22753
8835 1132
8836 135945
8837 113276
8838 24
8839 1359
8840 25
8841 1371
8842 23886
8843 11547
8844 25
8845 13818
8846 2487
8847 1143
8848 25
8849 11529
8850 226
8851 2261
8852 2385
8853 13557
8854 1143
8855 11544
8856 1152
8857 1153
8858 2259
8859 23829
8860 227
8861 24941
8862 112855
8863 12524
8864 23705
8865 228
8866 12432
8867 23706
8868 112765
8869 114129
8870 1353
8871 13541
8872 236835
8873 13637
8874 238
8875 248
8876 23887
8877 13543
8878 2254
8879 137528
8880 25
8881 2252
8882 1261
8883 2264
8884 25
8885 24886
8886 2377
8887 226423
8888 25
8889 1250098
8890 125098
8891 12622
8892 1361
8893 12484
8894 22613
8895 1238
8896 125
8897 126
8898 114645
8899 1362088
8900 12598
8901 22604202
8902 123805
8903 237
8904 11478
8905 2482
8906 137
8907 112386
8908 22564
8909 1360558
8910 1371742
8911 1122211
8912 13601
8913 12354
8914 11243
8915 1234
8916 22545
8917 12336
8918 1145
8919 1258
8920 11211
8921 2491
8922 11446
8923 1244
8924 12563
8925 1144
8926 11227
8927 135656
8928 13554
8929 113238
8930 2354
8931 13562
8932 1366
8933 24864
8934 1133
8935 13566
8936 11325
8937 2473
8938 224
8939 12308
8940 113
8941 1132
8942 1255
8943 1120454
8944 123
8945 236
8946 237
8947 113
8948 12519
8949 2349
8950 236
8951 114202
8952 111831
8953 2234
8954 1128
8955 1242
8956 11177
8957 12416
8958 114
8959 1239
8960 125
8961 1251
8962 13526
8963 122727
8964 2355
8965 114
8966 2232
8967 1363
8968 125
8969 23548
8970 1126
8971 2341
8972 135
8973 122814
8974 223
8975 2476
8976 125
8977 2473
8978 1359
8979 235228
8980 245
8981 2462
8982 13605
8983 234
8984 13493
8985 11132
8986 11142
8987 13376
8988 13575
8989 24708
8990 247188
8991 13592728531
8992 236
8993 12254
8994 12465
8995 2358
8996 247
8997 122263
8998 2445
8999 24681878
9000 1358
9001 1111
9002 1111
9003 1334
9004 123303
9005 1224
9006 11337
9007 12446
9008 112125
9009 1333358
9010 111
9011 111
9012 112085
9013 11317
9014 223
9015 113268
9016 12325
9017 1353
9018 234
9019 24638
9020 111
9021 23391
9022 13546
9023 135444
9024 12213
9025 244
9026 235
9027 22156
9028 11079
9029 2449
9030 134
9031 12291
9032 113066
9033 2337
9034 1118
9035 24372
9036 12395
9037 121733
9038 12295
9039 24339
9040 1228
9041 121781
9042 1241
9043 2214
9044 24548
9045 1338
9046 135
9047 2213
9048 13275
9049 1229
9050 124
9051 24551
9052 135
9053 1117
9054 243
9055 222
9056 13252
9057 22193
9058 13259
9059 13358
9060 1117
9061 12151
9062 1226
9063 13254
9064 12158
9065 234
9066 22182
9067 23406
9068 222884
9069 2438
9070 1116
9071 22172
9072 1335
9073 11044
9074 12365
9075 2216
9076 1212
9077 12143
9078 1104
9079 12128
9080 2215
9081 1212642
9082 23355
9083 13434
9084 110205
9085 1212
9086 1235
9087 1323
9088 12115
9089 1212698
9090 11135558
9091 11
9092 11
9093 22227
9094 24215
9095 11116
9096 22
9097 12093
9098 22094
9099 241798
9100 11
9101 11
9102 11
9103 12107
9104 13203
9105 12324
9106 12302
9107 12103
9108 2417789
9109 1339358
9110 11
9111 11
9112 243635
9113 23177
9114 123
9115 13288
9116 22182
9117 2206
9118 24239
9119 1338
9120 10976
9121 12182
9122 11205
9123 13374
9124 13275
9125 112
9126 112
9127 2323
9128 109665
9129 110769
9130 1217
9131 120481
9132 109516
9133 12167
9134 1315
9135 2312
9136 231075
9137 111876
9138 219
9139 12159
9140 23
9141 22
9142 12155
9143 22007
9144 109473
9145 12138
9146 22
9147 1313
9148 1115
9149 11149
9150 1094
9151 133451
9152 1106
9153 1204
9154 1215
9155 1324
9156 13327
9157 23153
9158 1114
9159 11139
9160 1225
9161 110261
9162 131
9163 2424
9164 22055
9165 10934
9166 2182
9167 1103
9168 13209
9169 1309
9170 2313
9171 241
9172 22896
9173 13214
9174 23
9175 12
9176 12
9177 23973
9178 2299
9179 218
9180 229
9181 1221
9182 11
9183 131787
9184 218
9185 12
9186 120957
9187 11006
9188 24075
9189 1318
9190 13059
9191 11
9192 11
9193 21757
9194 13063
9195 23078
9196 10995
9197 119726
9198 2294
9199 119699
9200 11
9201 11
9202 11
9203 219734
9204 1305
9205 11962
9206 13035
9207 2294146
9208 23914
9209 11958
9210 2291
9211 22801
9212 108576
9213 24
9214 2173
9215 228
9216 1107
9217 227853
9218 2289
9219 2279
9220 241
9221 2181
9222 11951
9223 23974
9224 1313
9225 2192
9226 1085
9227 23
9228 1215
9229 12049
9230 10857
9231 11052
9232 13216
9233 108537
9234 22753
9235 2286
9236 2395
9237 1203
9238 2295
9239 13218
9240 13
9241 108432
9242 10831
9243 1214
9244 130898
9245 1298
9246 2187
9247 13
9248 10944
9249 108229
9250 12
9251 12
9252 131
9253 21617
9254 12115
9255 24
9256 227
9257 118853
9258 22814
9259 11039
9260 12
9261 110161
9262 1081
9263 108194
9264 2375
9265 22774
9266 110297
9267 109206
9268 109
9269 23748
9270 11026
9271 12082
9272 2375
9273 22777
9274 11873
9275 2288
9276 23837
9277 2156
9278 107795
9279 23828
9280 1304
9281 217662
9282 11
9283 1294
9284 2275
9285 1186
9286 1077
9287 1206
9288 11865
9289 1208
9290 238
9291 11
9292 11
9293 1314
9294 217463
9295 238
9296 11845
9297 226
9298 239
9299 119499
9300 227
9301 22602
9302 22706
9303 2367
9304 108675
9305 10964
9306 131337
9307 12046
9308 215
9309 2269
9310 2171
9311 12901
9312 13125
9313 22777
9314 2373
9315 1194
9316 1095
9317 13
9318 129
9319 10969
9320 1085
9321 13091
9322 2255
9323 13087
9324 13
9325 1096
9326 12997
9327 21456
9328 2275
9329 109359
9330 237
9331 21671
9332 10835
9333 12967
9334 21665
9335 12
9336 12875
9337 12006
9338 119
9339 118
9340 118
9341 2261
9342 2141
9343 117747
9344 22605
9345 1296
9346 107
9347 108283
9348 10719
9349 1198
9350 12
9351 12
9352 2375
9353 1187
9354 215
9355 1082
9356 1177
9357 216
9358 109
9359 11978
9360 1092
9361 1092
9362 10705
9363 106827
9364 1305
9365 11748
9366 235
9367 11766
9368 109
9369 109
9370 21346
9371 10682
9372 1175
9373 106807
9374 11853
9375 128
9376 237
9377 1186
9378 109
9379 12818
9380 129
9381 10662
9382 1066
9383 11734
9384 1068
9385 226
9386 12785
9387 2153
9388 127825
9389 127918
9390 2259
9391 2131
9392 11725
9393 214
9394 13
9395 21418
9396 1172
9397 10663
9398 1194
9399 22579
9400 13
9401 11701
9402 10851
9403 11807
9404 10753
9405 11931124
9406 11717
9407 10843
9408 1064
9409 10758
9410 10861
9411 11711
9412 1085
9413 10647
9414 1073
9415 10834
9416 1075
9417 108336
9418 2338089
9419 2358
9420 2136
9421 1083972
9422 21346
9423 2357
9424 22413
9425 224
9426 11777
9427 223
9428 10629
9429 2238
9430 1084
9431 2142
9432 225
9433 128497
9434 106233
9435 106
9436 10725
9437 21206
9438 1295
9439 10818
9440 2248
9441 22361
9442 10591
9443 11777
9444 1273
9445 107996
9446 11657
9447 213
9448 106065
9449 2339
9450 10796
9451 1071
9452 235
9453 234
9454 128
9455 22422
9456 12702
9457 2116
9458 1269
9459 129
9460 107
9461 2241
9462 118381
9463 126927
9464 108
9465 108
9466 1067
9467 1163
9468 1184
9469 11638
9470 2113
9471 1172
9472 11625
9473 118444
9474 11823
9475 2112
9476 1162
9477 12673
9478 118295
9479 21228
9480 2344
9481 2331
9482 2216
9483 22147
9484 2343
9485 1066
9486 2235
9487 12883
9488 11699
9489 21309
9490 2329
9491 11611
9492 1161
9493 11714
9494 213
9495 11798
9496 2222
9497 12763
9498 11689
9499 23289
9500 116
9501 2222
9502 2106
9503 12734
9504 1285903
9505 222
9506 117
9507 1073
9508 1075
9509 1179
9510 222
9511 22102
9512 116801
9513 21047
9514 2115
9515 1274
9516 1157
9517 22066
9518 1284
9519 1061058
9520 2206
9521 116701
9522 105146
9523 22157
9524 105
9525 21008
9526 1177
9527 12723
9528 1165
9529 22038
9530 12804
9531 11552
9532 1175
9533 10597
9534 107103
9535 232
9536 11767
9537 233
9538 2119
9539 128108
9540 128
9541 1281
9542 1155
9543 107
9544 105
9545 11536
9546 22
9547 11543
9548 11544
9549 11729
9550 22
9551 22
9552 117475
9553 2304
9554 1278
9555 22
9556 21977
9557 21986
9558 11719
9559 11519
9560 11727
9561 12551
9562 1276
9563 12654
9564 23025
9565 106754
9566 1267
9567 21963
9568 21134
9569 211109
9570 23
9571 115151
9572 21
9573 21007
9574 23
9575 1056
9576 22995
9577 210943
9578 2109
9579 209
9580 209
9581 21
9582 21
9583 117
9584 1055
9585 2212
9586 12727
9587 117046
9588 1065
9589 126199
9590 219
9591 22
9592 10436
9593 1054
9594 2315
9595 1158
9596 22
9597 1263
9598 2189
9599 2189
9600 22
9601 22
9602 1251
9603 127274
9604 21055
9605 104124
9606 1167
9607 1043
9608 125
9609 21969
9610 1051
9611 2082
9612 126
9613 231054
9614 23
9615 124828
9616 125
9617 21953
9618 22979
9619 11438
9620 21
9621 11662
9622 11455
9623 127
9624 10505
9625 104
9626 126762
9627 2193
9628 2204
9629 103959
9630 1267
9631 20891
9632 20785
9633 12667
9634 218
9635 20986
9636 2192
9637 10606
9638 2179
9639 11518
9640 105
9641 22
9642 10581
9643 114084
9644 114073
9645 115098
9646 22
9647 2096
9648 1244
9649 2188
9650 114
9651 22922
9652 10485
9653 2187
9654 115
9655 2084
9656 2177
9657 23
9658 114
9659 227768
9660 2082
9661 10351
9662 2071
9663 11394
9664 208
9665 21728
9666 2185
9667 103663
9668 126409
9669 1148
9670 10363
9671 2182
9672 11396
9673 115807
9674 206865
9675 12424
9676 1262
9677 21826
9678 1149
9679 218
9680 125
9681 10341
9682 105371
9683 217
9684 218
9685 10346
9686 22735
9687 2076
9688 125
9689 218
9690 219
9691 1032
9692 1136
9693 2084
9694 11565
9695 22816
9696 125
9697 103333
9698 11549
9699 2289
9700 126
9701 22802
9702 1249456
9703 20737
9704 103175
9705 21762
9706 22687
9707 10303
9708 12465
9709 2268
9710 1031
9711 10411
9712 11451
9713 1247
9714 1258
9715 1154
9716 207
9717 1236
9718 1134
9719 12348
9720 1246
9721 2182
9722 1255
9723 2057
9724 105
9725 1236
9726 2262
9727 2263
9728 1029
9729 2169
9730 12437
9731 1152
9732 216
9733 12434
9734 218
9735 226
9736 2075
9737 102806
9738 10374
9739 102908
9740 115
9741 12432
9742 12441
9743 2054
9744 10273
9745 2156
9746 2157
9747 2166
9748 115
9749 10278
9750 1036
9751 12522
9752 20725
9753 21534
9754 113
9755 11502
9756 12423352
9757 123
9758 12309
9759 12319
9760 125
9761 1251
9762 205
9763 20497
9764 11483
9765 1148
9766 11367
9767 206
9768 125
9769 122848
9770 1126
9771 2262
9772 10346
9773 11277
9774 123
9775 124
9776 125
9777 10443
9778 103509
9779 225199
9780 1045
9781 11452
9782 2055
9783 1147
9784 20555
9785 2046
9786 12285
9787 1023
9788 2065
9789 226909
9790 1228
9791 1042
9792 10235
9793 12357
9794 10233
9795 12478
9796 1225
9797 1133
9798 214544
9799 102278
9800 1144
9801 226622
9802 206101
9803 10304
9804 1030203
9805 102
9806 102
9807 103
9808 20515
9809 102978
9810 1041
9811 215291
9812 11425
9813 1224
9814 215
9815 2048
9816 20375
9817 22513
9818 123345
9819 2038
9820 216
9821 22401
9822 2241
9823 214
9824 113
9825 216
9826 12235
9827 20456
9828 104
9829 102859
9830 2047
9831 1242
9832 225
9833 11197
9834 1018
9835 11206
9836 112975
9837 2146
9838 10369
9839 1118
9840 1118
9841 22571
9842 11391
9843 114
9844 113775
9845 1018
9846 122
9847 2143
9848 11375
9849 22449
9850 2052
9851 102751
9852 103635
9853 204
9854 11163
9855 124
9856 1027
9857 2153
9858 102669
9859 22539
9860 1127
9861 2151
9862 2231
9863 22327
9864 205
9865 214
9866 20282
9867 1036
9868 102575
9869 2129
9870 223
9871 2231
9872 225
9873 1014
9874 1015
9875 224
9876 225
9877 10226
9878 10245
9879 11238
9880 2249
9881 10242
9882 11355
9883 2034
9884 101275
9885 12252
9886 20342
9887 22476
9888 2124
9889 12358198
9890 11336908
9891 20423842
9892 113425
9893 1214
9894 1113
9895 11218
9896 204125
9897 2233
9898 2244
9899 1122559978
9900 11335578
9901 101
9902 101
9903 204
9904 103
9905 20304
9906 202
9907 203
9908 10215
9909 2018569
9910 111
9911 101
9912 101
9913 123194
9914 10208
9915 101868
9916 10095
9917 10106
9918 10095
9919 100838
9920 111
9921 101
9922 101
9923 20257
9924 11288
9925 11184
9926 2027
9927 123
9928 10275
9929 2238
9930 2127
9931 112881
9932 10291
9933 2237
9934 20133
9935 12292
9936 11092
9937 1016506
9938 1129
9939 120949
9940 2133
9941 2032
9942 11186
9943 1207
9944 2123
9945 10178
9946 1107
9947 10166
9948 12075
9949 21329
9950 11156
9951 202
9952 1206
9953 1017
9954 213
9955 222
9956 202
9957 1116
9958 2119
9959 11168
9960 222
9961 202
9962 1026
9963 1024
9964 1105
9965 1114
9966 10235
9967 1206
9968 1215
9969 2219
9970 20263
9971 110341
9972 12135
9973 12144
9974 1115
9975 100352
9976 21162
9977 1213
9978 110354
9979 1003228
9980 111444
9981 11041
9982 2105
9983 21047
9984 11118
9985 21252
9986 12127
9987 2223
9988 102324
9989 200441708
9990 111333555778
9991 1111
9992 1111
9993 21127
9994 201333
9995 1111556
9996 2222
9997 2012626
9998 11114444
9999 1111333355557778
10000 1
1111981904675169
